-999 -999 -999     7.30000    7.49900    7.49900 -999.00000 -999.00000  205.97900
-999 -999 -999     6.40000    6.53600    8.73912 -999.00000 -999.00000  158.57300
-999 -999 -999     6.40000    6.08800    8.54230 -999.00000 -999.00000  133.61500
-999 -999 -999     4.80000    5.64000    8.10741 -999.00000 -999.00000  119.37500
-999 -999 -999     6.10000    5.53200    7.81704 -999.00000 -999.00000  108.58300
-999 -999 -999     5.40000    4.47800    7.72058 -999.00000 -999.00000   97.37300
-999 -999 -999     3.40000    3.84900    7.15225 -999.00000 -999.00000   86.38100
-999 -999 -999     3.60000    3.57200    6.50922 -999.00000 -999.00000   79.65000
-999 -999 -999     4.90000    3.44900    6.40660 -999.00000 -999.00000   79.60000
-999 -999 -999     5.90000    3.72400    6.71892 -999.00000 -999.00000   76.30500
-999 -999 -999     7.50000    4.05700    7.26121 -999.00000 -999.00000   72.91300
-999 -999 -999     9.10000    4.53900    8.02834 -999.00000 -999.00000   70.38400
-999 -999 -999    10.10000    5.09000    8.83912 -999.00000 -999.00000   67.78600
-999 -999 -999    10.60000    5.62000    9.51646 -999.00000 -999.00000   65.50000
-999 -999 -999    10.60000    6.40700    9.98508 -999.00000 -999.00000   64.35000
-999 -999 -999    11.30000    7.12400   10.37510 -999.00000 -999.00000   62.91600
-999 -999 -999    10.80000    7.36800   10.64849 -999.00000 -999.00000   61.90000
-999 -999 -999    10.10000    7.77400   10.64398 -999.00000 -999.00000   60.08500
-999 -999 -999     8.80000    8.03500   10.35586 -999.00000 -999.00000   58.45000
-999 -999 -999     9.00000    7.89400   10.03090 -999.00000 -999.00000   56.55600
-999 -999 -999     8.40000    7.75600    9.78718 -999.00000 -999.00000   55.28800
-999 -999 -999     9.30000    8.23300    9.69023 -999.00000 -999.00000   53.55200
-999 -999 -999     9.30000    8.68300    9.76927 -999.00000 -999.00000   52.37100
-999 -999 -999     8.90000    8.66200    9.77234 -999.00000 -999.00000   51.70000
-999 -999 -999    10.60000    8.91600    9.97664 -999.00000 -999.00000   50.86000
-999 -999 -999     9.80000    9.25000   10.25060 -999.00000 -999.00000   50.40000
-999 -999 -999     9.40000    9.58300   10.27024 -999.00000 -999.00000   50.40000
-999 -999 -999     8.20000    9.37900   10.07397 -999.00000 -999.00000   50.06100
-999 -999 -999     8.40000    9.23800    9.81755 -999.00000 -999.00000   48.73400
-999 -999 -999     7.20000    9.56700    9.51457 -999.00000 -999.00000   47.34000
-999 -999 -999     8.50000    9.67700    9.33571 -999.00000 -999.00000   46.21400
-999 -999 -999    10.50000    9.28900    9.69444 -999.00000 -999.00000   45.40000
-999 -999 -999    12.50000    9.50600   10.49975 -999.00000 -999.00000   44.65500
-999 -999 -999    11.00000    9.44200   11.10549 -999.00000 -999.00000   44.30000
-999 -999 -999    11.40000    9.32100   11.36441 -999.00000 -999.00000   44.39200
-999 -999 -999    11.40000    9.33600   11.61999 -999.00000 -999.00000   45.26200
-999 -999 -999    13.40000    9.35000   12.08919 -999.00000 -999.00000   44.22000
-999 -999 -999    12.20000    9.33900   12.51242 -999.00000 -999.00000   43.06200
-999 -999 -999    12.10000    9.59400   12.61040 -999.00000 -999.00000   41.98500
-999 -999 -999    12.60000   10.06100   12.73549 -999.00000 -999.00000   41.00000
-999 -999 -999    13.00000   10.24200   12.95061 -999.00000 -999.00000   40.30200
-999 -999 -999    12.20000   10.16200   13.05101 -999.00000 -999.00000   40.00000
-999 -999 -999    14.10000   10.30000   13.32621 -999.00000 -999.00000   44.29800
-999 -999 -999    15.60000   11.90900   17.77906 -999.00000 -999.00000  885.66500
-999 -999 -999    15.00000   11.91900   19.44938 -999.00000 -999.00000 3291.35400
-999 -999 -999    14.50000   11.44800   19.48088 -999.00000 -999.00000 4976.56200
-999 -999 -999    10.40000    9.80400   19.56583 -999.00000 -999.00000 1902.08300
-999 -999 -999    11.90000    8.91100   18.94372 -999.00000 -999.00000 1120.24000
-999 -999 -999    13.60000    9.43000   19.69547 -999.00000 -999.00000  786.56200
-999 -999 -999    14.80000   10.01900   19.25655 -999.00000 -999.00000  603.19800
-999 -999 -999    14.90000   10.56600   19.62482 -999.00000 -999.00000  482.89600
-999 -999 -999    14.40000   10.64100   19.35724 -999.00000 -999.00000  401.16700
-999 -999 -999    15.00000   10.97200   19.40166 -999.00000 -999.00000  342.81200
-999 -999 -999    12.40000   10.85400   19.04546 -999.00000 -999.00000  295.30200
-999 -999 -999    11.60000   11.31800   18.47315 -999.00000 -999.00000  261.54200
-999 -999 -999    11.10000   11.02600   18.18288 -999.00000 -999.00000  234.91700
-999 -999 -999    11.60000   11.17900   18.07625 -999.00000 -999.00000  215.79200
-999 -999 -999     9.10000   10.38300   17.66890 -999.00000 -999.00000  197.93800
-999 -999 -999    12.80000   10.51200   17.69977 -999.00000 -999.00000  183.03100
-999 -999 -999    11.40000   10.72800   17.98791 -999.00000 -999.00000  167.26000
-999 -999 -999     9.80000   10.34700   17.44448 -999.00000 -999.00000  151.54200
-999 -999 -999    11.10000    9.95400   17.13755 -999.00000 -999.00000  140.93800
-999 -999 -999    13.20000   10.16600   17.54318 -999.00000 -999.00000  135.35400
-999 -999 -999    12.60000   10.86100   17.91051 -999.00000 -999.00000  130.95800
-999 -999 -999    10.50000   11.07300   17.65025 -999.00000 -999.00000  133.58300
-999 -999 -999    10.80000   10.74700   17.50780 -999.00000 -999.00000  151.09400
-999 -999 -999    11.30000   11.00600   17.66428 -999.00000 -999.00000  134.83300
-999 -999 -999    11.30000   11.13000   17.73146 -999.00000 -999.00000  135.97900
-999 -999 -999    10.50000   11.03500   17.62563 -999.00000 -999.00000  127.61500
-999 -999 -999    13.20000   11.21900   17.78429 -999.00000 -999.00000  117.37500
-999 -999 -999    13.20000   11.58200   18.19479 -999.00000 -999.00000  111.56200
-999 -999 -999    14.90000   12.17600   18.59078 -999.00000 -999.00000  107.08300
-999 -999 -999    15.80000   12.82300   19.14713 -999.00000 -999.00000  102.67400
-999 -999 -999    15.20000   13.40600   19.41746 -999.00000 -999.00000   99.04100
-999 -999 -999    16.80000   13.94100   19.68509 -999.00000 -999.00000   95.66200
-999 -999 -999    14.90000   14.27800   19.76245 -999.00000 -999.00000   93.60000
-999 -999 -999    15.70000   14.51600   19.64970 -999.00000 -999.00000   93.86200
-999 -999 -999    18.60000   15.53000   20.26956 -999.00000 -999.00000   99.39700
-999 -999 -999    20.50000   16.80500   21.35066 -999.00000 -999.00000   92.90400
-999 -999 -999    18.50000   17.37400   21.79398 -999.00000 -999.00000   86.34600
-999 -999 -999    15.30000   16.74600   21.16509 -999.00000 -999.00000   82.25000
-999 -999 -999    16.70000   17.12600   20.55727 -999.00000 -999.00000   79.48300
-999 -999 -999    15.10000   17.03000   20.20848 -999.00000 -999.00000   76.52500
-999 -999 -999    21.30000   16.99300   20.71414 -999.00000 -999.00000   73.51400
-999 -999 -999    16.00000   16.75000   21.11707 -999.00000 -999.00000   71.06900
-999 -999 -999    16.50000   16.64000   20.58175 -999.00000 -999.00000   68.14100
-999 -999 -999    15.70000   16.82000   20.22638 -999.00000 -999.00000   65.80000
-999 -999 -999    14.20000   16.97900   19.67363 -999.00000 -999.00000   64.83300
-999 -999 -999    14.30000   16.75200   19.21233 -999.00000 -999.00000   70.29600
-999 -999 -999    15.90000   16.38000   19.38312 -999.00000 -999.00000   79.23300
-999 -999 -999    18.50000   17.15400   20.14443 -999.00000 -999.00000   70.56900
-999 -999 -999    19.70000   18.09500   21.02670 -999.00000 -999.00000   65.96700
-999 -999 -999    17.80000   18.56700   21.35716 -999.00000 -999.00000   61.41800
-999 -999 -999    18.10000   18.58000   21.25202 -999.00000 -999.00000   57.20500
-999 -999 -999    18.30000   18.84800   21.23544 -999.00000 -999.00000   55.60800
-999 -999 -999    15.90000   18.95100   20.88445 -999.00000 -999.00000   52.77000
-999 -999 -999    13.00000   17.69600   19.86753 -999.00000 -999.00000   50.10200
-999 -999 -999    13.90000   16.64100   18.91655 -999.00000 -999.00000   48.34200
-999 -999 -999    14.70000   16.42100   18.53762 -999.00000 -999.00000   46.74400
-999 -999 -999    14.00000   16.45500   18.29199 -999.00000 -999.00000   45.69800
-999 -999 -999    10.50000   15.82300   17.53230 -999.00000 -999.00000   45.40000
-999 -999 -999    11.00000   14.83400   16.63433 -999.00000 -999.00000   46.47600
-999 -999 -999     9.30000   14.01800   16.11748 -999.00000 -999.00000   61.44100
-999 -999 -999    11.20000   13.92600   16.62955 -999.00000 -999.00000   93.59700
-999 -999 -999    12.60000   14.61500   18.06867 -999.00000 -999.00000  102.21500
-999 -999 -999    15.10000   15.47300   19.26030 -999.00000 -999.00000   85.20200
-999 -999 -999    15.50000   16.35700   19.92047 -999.00000 -999.00000   74.37800
-999 -999 -999    16.80000   17.06100   20.32623 -999.00000 -999.00000   68.08100
-999 -999 -999    16.70000   17.77400   20.64698 -999.00000 -999.00000   65.79900
-999 -999 -999    13.40000   17.92400   20.25975 -999.00000 -999.00000   61.66600
-999 -999 -999    15.90000   17.25700   19.84552 -999.00000 -999.00000   58.86800
-999 -999 -999    16.43300   17.49000   20.01524 -999.00000 -999.00000   57.31000
-999 -999 -999    16.96700   18.23200   20.22575 -999.00000 -999.00000   53.99000
-999 -999 -999    17.50000   19.09400   20.43264 -999.00000 -999.00000   49.85800
-999 -999 -999    18.85000   20.04800   20.75621 -999.00000 -999.00000   46.58000
-999 -999 -999    20.20000   20.69600   21.30352 -999.00000 -999.00000   45.32000
-999 -999 -999    14.20000   20.11900   20.97917 -999.00000 -999.00000   43.60100
-999 -999 -999    16.30000   19.88000   20.18807 -999.00000 -999.00000   42.14600
-999 -999 -999    17.10000   20.53500   20.05396 -999.00000 -999.00000   41.24100
-999 -999 -999    15.00000   20.41900   19.76745 -999.00000 -999.00000   40.14600
-999 -999 -999    15.10000   19.54300   19.82814 -999.00000 -999.00000   83.27800
-999 -999 -999    17.00000   19.08800   22.13082 -999.00000 -999.00000  203.13500
-999 -999 -999    20.10000   18.96400   24.48889 -999.00000 -999.00000  144.92700
-999 -999 -999    20.60000   20.16500   24.90381 -999.00000 -999.00000  107.87500
-999 -999 -999    19.80000   21.11200   24.71849 -999.00000 -999.00000   95.99000
-999 -999 -999    21.80000   21.65700   24.70264 -999.00000 -999.00000   86.59900
-999 -999 -999    23.50000   22.29900   25.20971 -999.00000 -999.00000   83.50400
-999 -999 -999    20.50000   22.77900   25.22465 -999.00000 -999.00000   79.24400
-999 -999 -999    17.00000   22.51600   24.14892 -999.00000 -999.00000   67.07800
-999 -999 -999    15.60000   22.14400   22.69876 -999.00000 -999.00000   57.10800
-999 -999 -999    16.60000   21.80600   21.70009 -999.00000 -999.00000   52.64900
-999 -999 -999    17.20000   21.71400   21.25815 -999.00000 -999.00000   48.90200
-999 -999 -999    14.00000   20.53000   20.54910 -999.00000 -999.00000   45.63100
-999 -999 -999    15.50000   19.56800   19.81624 -999.00000 -999.00000   45.50500
-999 -999 -999    17.00000   20.15300   19.90769 -999.00000 -999.00000   57.20700
-999 -999 -999    17.50000   21.06600   20.37804 -999.00000 -999.00000   56.82900
-999 -999 -999    16.40000   21.21500   20.56092 -999.00000 -999.00000   56.65900
-999 -999 -999    15.00000   20.94600   20.23488 -999.00000 -999.00000   50.50700
-999 -999 -999    14.60000   20.55100   19.63900 -999.00000 -999.00000   44.16500
-999 -999 -999    13.80000   18.91800   19.17153 -999.00000 -999.00000   58.05600
-999 -999 -999    15.10000   17.51400   19.04780 -999.00000 -999.00000   53.80300
-999 -999 -999    16.60000   19.69700   19.27432 -999.00000 -999.00000   49.82300
-999 -999 -999    15.60000   20.32300   19.42865 -999.00000 -999.00000   49.42500
-999 -999 -999    15.70000   20.53600   19.36966 -999.00000 -999.00000   48.15000
-999 -999 -999    16.50000   21.13200   19.44482 -999.00000 -999.00000   48.61200
-999 -999 -999    16.30000   21.65700   19.57996 -999.00000 -999.00000   48.95500
-999 -999 -999    16.10000   21.37300   19.60375 -999.00000 -999.00000   48.95200
-999 -999 -999    17.00000   21.16700   19.69487 -999.00000 -999.00000   47.54300
-999 -999 -999    18.10000   21.80600   20.00393 -999.00000 -999.00000   46.55200
-999 -999 -999    18.80000   22.62200   20.45604 -999.00000 -999.00000   48.11900
-999 -999 -999    17.30000   23.00300   20.71286 -999.00000 -999.00000   56.39800
-999 -999 -999    17.30000   23.33900   20.70241 -999.00000 -999.00000   53.88600
-999 -999 -999    18.10000   23.43800   20.71001 -999.00000 -999.00000   46.50700
-999 -999 -999    19.80000   23.30900   20.95071 -999.00000 -999.00000   41.83500
-999 -999 -999    21.40000   23.47600   21.49569 -999.00000 -999.00000   39.30200
-999 -999 -999    22.30000   24.02700   22.14121 -999.00000 -999.00000   35.48200
-999 -999 -999    18.50000   23.79500   22.14061 -999.00000 -999.00000   32.18200
-999 -999 -999    18.70000   23.32700   21.62129 -999.00000 -999.00000   30.13800
-999 -999 -999    20.60000   23.91100   21.49544 -999.00000 -999.00000   28.28100
-999 -999 -999    19.80000   24.25900   21.51773 -999.00000 -999.00000   26.07500
-999 -999 -999    20.70000   24.38000   21.51190 -999.00000 -999.00000   24.07800
-999 -999 -999    23.40000   24.92100   21.92788 -999.00000 -999.00000   23.50400
-999 -999 -999    22.50000   25.22700   22.43885 -999.00000 -999.00000   21.98000
-999 -999 -999    26.00000   25.82900   23.13741 -999.00000 -999.00000   24.10600
-999 -999 -999    29.90000   27.21000   24.63383 -999.00000 -999.00000   29.59600
-999 -999 -999    26.30000   26.81100   25.78277 -999.00000 -999.00000   26.75800
-999 -999 -999    20.70000   25.36500   25.44036 -999.00000 -999.00000   23.77400
-999 -999 -999    25.50000   25.76100   25.06845 -999.00000 -999.00000   22.13000
-999 -999 -999    28.40000   27.08800   25.71436 -999.00000 -999.00000   21.53000
-999 -999 -999    25.70000   27.65200   26.21844 -999.00000 -999.00000   21.86100
-999 -999 -999    21.70000   27.02700   25.79931 -999.00000 -999.00000   20.54800
-999 -999 -999    20.70000   26.45500   24.89771 -999.00000 -999.00000   18.40700
-999 -999 -999    23.90000   26.46100   24.46159 -999.00000 -999.00000   16.80900
-999 -999 -999    25.70000   26.58600   24.67993 -999.00000 -999.00000   14.99300
-999 -999 -999    24.20000   26.38500   24.87935 -999.00000 -999.00000   13.00000
-999 -999 -999    24.40000   26.12300   24.89083 -999.00000 -999.00000   12.00700
-999 -999 -999    25.90000   26.29700   25.06765 -999.00000 -999.00000   11.08300
-999 -999 -999    22.20000   25.71700   24.99572 -999.00000 -999.00000    9.97400
-999 -999 -999    26.90000   25.48400   25.02096 -999.00000 -999.00000    9.14800
-999 -999 -999    24.70000   26.15200   25.28348 -999.00000 -999.00000    8.54700
-999 -999 -999    26.10000   26.60300   25.41928 -999.00000 -999.00000    8.22100
-999 -999 -999    29.20000   27.59900   25.93381 -999.00000 -999.00000    7.30600
-999 -999 -999    29.50000   28.16700   26.66155 -999.00000 -999.00000    7.05900
-999 -999 -999    24.70000   27.84300   26.87673 -999.00000 -999.00000    6.53900
-999 -999 -999    25.40000   27.89000   26.69775 -999.00000 -999.00000    6.33700
-999 -999 -999    26.20000   27.99400   26.67550 -999.00000 -999.00000    5.50900
-999 -999 -999    31.20000   28.89600   27.13522 -999.00000 -999.00000    5.45800
-999 -999 -999    30.00000   28.72500   27.83313 -999.00000 -999.00000    4.91300
-999 -999 -999    28.50000   28.29500   28.20408 -999.00000 -999.00000    4.04500
-999 -999 -999    26.80000   28.07900   28.27138 -999.00000 -999.00000    4.36800
-999 -999 -999    27.10000   28.64000   28.22542 -999.00000 -999.00000    3.66800
-999 -999 -999    23.00000   28.17200   27.91820 -999.00000 -999.00000    3.42600
-999 -999 -999    23.30000   27.83400   27.37009 -999.00000 -999.00000    3.70200
-999 -999 -999    22.90000   27.57500   26.88098 -999.00000 -999.00000    3.44000
-999 -999 -999    22.90000   26.82600   26.43401 -999.00000 -999.00000    3.19700
-999 -999 -999    18.60000   25.38100   25.76140 -999.00000 -999.00000    2.84200
-999 -999 -999    20.50000   25.11600   24.99709 -999.00000 -999.00000    3.30400
-999 -999 -999    22.00000   25.84800   24.54337 -999.00000 -999.00000    3.30100
-999 -999 -999    22.60000   25.91000   24.29866 -999.00000 -999.00000    2.77700
-999 -999 -999    23.90000   26.45300   24.21736 -999.00000 -999.00000    3.41800
-999 -999 -999    23.10000   26.73900   24.17510 -999.00000 -999.00000    3.25400
-999 -999 -999    24.70000   26.92900   24.19237 -999.00000 -999.00000    2.88400
-999 -999 -999    25.90000   27.86600   24.39566 -999.00000 -999.00000    2.51600
-999 -999 -999    26.00000   27.73000   24.66979 -999.00000 -999.00000    3.57900
-999 -999 -999    24.40000   27.33500   24.81239 -999.00000 -999.00000    3.44100
-999 -999 -999    26.90000   27.74400   24.98890 -999.00000 -999.00000    2.64400
-999 -999 -999    28.80000   28.79000   25.44645 -999.00000 -999.00000    2.92000
-999 -999 -999    25.40000   28.56200   25.75170 -999.00000 -999.00000    2.89000
-999 -999 -999    22.20000   27.28300   25.57916 -999.00000 -999.00000    2.53400
-999 -999 -999    21.00000   26.41900   25.17032 -999.00000 -999.00000    1.64700
-999 -999 -999    22.60000   26.40700   24.84877 -999.00000 -999.00000    1.70700
-999 -999 -999    22.90000   26.42700   24.68787 -999.00000 -999.00000    0.68300
-999 -999 -999    23.20000   26.47000   24.57968 -999.00000 -999.00000    1.53400
-999 -999 -999    25.60000   26.57700   24.61712 -999.00000 -999.00000    1.63000
-999 -999 -999    28.00000   27.04600   24.90625 -999.00000 -999.00000    1.16800
-999 -999 -999    30.40000   28.20000   25.38376 -999.00000 -999.00000    0.82800
-999 -999 -999    28.10000   28.56900   25.79354 -999.00000 -999.00000    0.55100
-999 -999 -999    25.50000   27.74900   25.93899 -999.00000 -999.00000    0.37400
-999 -999 -999    24.00000   27.18400   25.91524 -999.00000 -999.00000    0.25100
-999 -999 -999    23.80000   27.49100   25.84016 -999.00000 -999.00000    0.18000
-999 -999 -999    22.40000   26.90800   25.73241 -999.00000 -999.00000    0.13200
-999 -999 -999    20.60000   25.18100   25.56721 -999.00000 -999.00000    0.07100
-999 -999 -999    23.40000   25.09500   25.45129 -999.00000 -999.00000    0.02300
-999 -999 -999    24.90000   25.00900   25.43050 -999.00000 -999.00000    0.00000
-999 -999 -999    24.40000   24.92300   25.43050 -999.00000 -999.00000    0.00000
-999 -999 -999    22.30000   24.83800   25.43050 -999.00000 -999.00000    0.00000
-999 -999 -999    24.50000   24.75200   25.43050 -999.00000 -999.00000    0.00000
-999 -999 -999    23.10000   24.66600   25.43050 -999.00000 -999.00000    0.00000
-999 -999 -999    22.80000   24.58000   25.43050 -999.00000 -999.00000    0.00000
-999 -999 -999    23.60000   24.49400   25.43050 -999.00000 -999.00000    0.00000
-999 -999 -999    23.60000   24.40800   25.43050 -999.00000 -999.00000    0.00000
-999 -999 -999    23.00000   24.32200   25.43050 -999.00000 -999.00000    0.00000
-999 -999 -999    25.50000   24.23600   25.43050 -999.00000 -999.00000    0.00000
-999 -999 -999    29.00000   24.15000   25.43050 -999.00000 -999.00000    0.00000
-999 -999 -999    29.70000   24.06400   25.43050 -999.00000 -999.00000    0.00000
-999 -999 -999    25.20000   23.97800   25.43050 -999.00000 -999.00000    0.00000
-999 -999 -999    22.50000   23.89200   25.43050 -999.00000 -999.00000    0.00000
-999 -999 -999    24.60000   23.80600   25.43050 -999.00000 -999.00000    0.00000
-999 -999 -999    21.50000   23.72000   25.43050 -999.00000 -999.00000    0.00000
-999 -999 -999    22.40000   23.63400   25.43050 -999.00000 -999.00000    0.00000
-999 -999 -999    22.80000   23.54800   25.43050 -999.00000 -999.00000    0.00000
-999 -999 -999    23.80000   23.46200   25.43050 -999.00000 -999.00000    0.00000
-999 -999 -999    24.90000   23.37700   25.43050 -999.00000 -999.00000    0.00000
-999 -999 -999    26.40000   23.29100   25.43050 -999.00000 -999.00000    0.00000
-999 -999 -999    28.20000   23.20500   25.43050 -999.00000 -999.00000    0.00000
-999 -999 -999    28.20000   23.11900   25.43050 -999.00000 -999.00000    0.00000
-999 -999 -999    23.20000   23.03300   25.43050 -999.00000 -999.00000    0.00000
-999 -999 -999    21.80000   22.94700   25.43050 -999.00000 -999.00000    0.00000
-999 -999 -999    23.80000   22.86100   25.43050 -999.00000 -999.00000    0.00000
-999 -999 -999    23.80000   22.77500   25.43050 -999.00000 -999.00000    0.00000
-999 -999 -999    21.40000   22.68900   25.43050 -999.00000 -999.00000    0.00000
-999 -999 -999    20.70000   22.60300   25.43050 -999.00000 -999.00000    0.00000
-999 -999 -999    19.40000   22.51700   25.43050 -999.00000 -999.00000    0.00000
-999 -999 -999    19.50000   22.43100   25.43050 -999.00000 -999.00000    0.00000
-999 -999 -999    21.40000   22.34500   25.43050 -999.00000 -999.00000    0.00000
-999 -999 -999    23.70000   22.25900   25.43050 -999.00000 -999.00000    0.00000
-999 -999 -999    25.60000   22.17300   25.43050 -999.00000 -999.00000    0.00000
-999 -999 -999    28.30000   22.08800   25.43050 -999.00000 -999.00000    0.00000
-999 -999 -999    29.30000   22.00200   25.43050 -999.00000 -999.00000    0.00000
-999 -999 -999    28.70000   21.91600   25.43050 -999.00000 -999.00000    0.00000
-999 -999 -999    24.70000   21.83000   25.43050 -999.00000 -999.00000    0.00000
-999 -999 -999    25.80000   21.74400   25.43050 -999.00000 -999.00000    0.00000
-999 -999 -999    20.00000   21.65800   25.43050 -999.00000 -999.00000    0.00000
-999 -999 -999    18.80000   21.57200   25.43050 -999.00000 -999.00000    0.00000
-999 -999 -999    17.50000   21.48600   25.43050 -999.00000 -999.00000    0.00000
-999 -999 -999    20.00000   21.40000   25.43050 -999.00000 -999.00000    0.00000
-999 -999 -999    20.10000   21.31400   25.43050 -999.00000 -999.00000    0.00000
-999 -999 -999    22.60000   21.22800   25.43050 -999.00000 -999.00000    0.00000
-999 -999 -999    24.80000   21.14200   25.43050 -999.00000 -999.00000    0.00000
-999 -999 -999    26.60000   21.05600   25.43050 -999.00000 -999.00000    0.00000
-999 -999 -999    22.10000   20.97000   25.43050 -999.00000 -999.00000    0.00000
-999 -999 -999    20.50000   20.88400   25.43050 -999.00000 -999.00000    0.00000
-999 -999 -999    23.70000   20.79800   25.43050 -999.00000 -999.00000    0.00000
-999 -999 -999    24.90000   20.71200   25.43050 -999.00000 -999.00000    0.00000
-999 -999 -999    24.80000   20.62700   25.43050 -999.00000 -999.00000    0.00000
-999 -999 -999    23.40000   20.54100   25.43050 -999.00000 -999.00000    0.00000
-999 -999 -999    22.70000   20.45500   25.43050 -999.00000 -999.00000    0.00000
-999 -999 -999    19.00000   20.36900   25.43050 -999.00000 -999.00000    0.00000
-999 -999 -999    17.00000   20.28300   25.43050 -999.00000 -999.00000    0.00000
-999 -999 -999    18.40000   20.19700   25.43050 -999.00000 -999.00000    0.00000
-999 -999 -999    21.00000   20.11100   25.43050 -999.00000 -999.00000    0.00000
-999 -999 -999    19.70000   20.02500   25.43050 -999.00000 -999.00000    0.00000
-999 -999 -999    18.40000   19.93900   25.43050 -999.00000 -999.00000    0.00000
-999 -999 -999    20.10000   19.85300   25.43050 -999.00000 -999.00000    0.00000
-999 -999 -999    20.40000   19.76700   25.43050 -999.00000 -999.00000    0.00000
-999 -999 -999    21.30000   19.68100   25.43050 -999.00000 -999.00000    0.00000
-999 -999 -999    23.00000   19.59500   25.43050 -999.00000 -999.00000    0.00000
-999 -999 -999    22.80000   19.50900   25.43050 -999.00000 -999.00000    0.00000
-999 -999 -999    21.90000   19.42300   25.43050 -999.00000 -999.00000    0.00000
-999 -999 -999    21.50000   19.33800   25.43050 -999.00000 -999.00000    0.00000
-999 -999 -999    22.80000   19.25200   25.43050 -999.00000 -999.00000    0.00000
-999 -999 -999    24.40000   19.16600   25.43050 -999.00000 -999.00000    0.00000
-999 -999 -999    24.70000   19.08000   25.43050 -999.00000 -999.00000    0.00000
-999 -999 -999    23.80000   18.99400   25.43050 -999.00000 -999.00000    0.00000
-999 -999 -999    23.00000   18.90800   25.43050 -999.00000 -999.00000    0.00000
-999 -999 -999    17.40000   18.82200   25.43050 -999.00000 -999.00000    0.00000
-999 -999 -999    17.50000   18.73600   25.43050 -999.00000 -999.00000    0.00000
-999 -999 -999    17.60000   18.65000   25.43050 -999.00000 -999.00000    0.00000
-999 -999 -999    19.10000   18.56400   25.43050 -999.00000 -999.00000    0.00000
-999 -999 -999    18.40000   18.47800   25.43050 -999.00000 -999.00000    0.00000
-999 -999 -999    19.60000   18.39200   24.89628 -999.00000 -999.00000    6.44400
-999 -999 -999    18.50000   18.30600   23.63943 -999.00000 -999.00000   11.34600
-999 -999 -999    18.70000   17.92800   22.37973 -999.00000 -999.00000   10.30400
-999 -999 -999    19.00000   17.72400   21.45595 -999.00000 -999.00000    9.33900
-999 -999 -999    17.70000   17.24100   20.64272 -999.00000 -999.00000    8.68000
-999 -999 -999    18.00000   16.88300   19.89753 -999.00000 -999.00000    8.34200
-999 -999 -999    17.30000   17.30900   19.25576 -999.00000 -999.00000    8.01600
-999 -999 -999    17.00000   16.27500   18.64213 -999.00000 -999.00000    7.69000
-999 -999 -999    18.30000   15.78800   18.22569 -999.00000 -999.00000    7.69000
-999 -999 -999    20.70000   16.23800   18.20976 -999.00000 -999.00000    7.98600
-999 -999 -999    16.40000   16.16000   18.01695 -999.00000 -999.00000    8.06100
-999 -999 -999    13.00000   15.70200   17.09662 -999.00000 -999.00000    9.94700
-999 -999 -999    12.00000   15.20200   15.78015 -999.00000 -999.00000   13.80100
-999 -999 -999    10.70000   14.01000   13.94359 -999.00000 -999.00000   37.06800
-999 -999 -999    10.70000   13.17100   11.97108 -999.00000 -999.00000   41.77500
-999 -999 -999    10.30000   12.53100   10.64893 -999.00000 -999.00000   28.57200
-999 -999 -999    11.90000   12.30000   10.05053 -999.00000 -999.00000   22.05000
-999 -999 -999    10.80000   11.67500    9.74197 -999.00000 -999.00000   19.20000
-999 -999 -999     9.70000   11.49500    9.25955 -999.00000 -999.00000   20.14200
-999 -999 -999     9.70000   11.85500    8.74329 -999.00000 -999.00000   22.97700
-999 -999 -999     8.40000   11.17200    8.06168 -999.00000 -999.00000   48.12800
-999 -999 -999     8.80000   11.00800    7.40161 -999.00000 -999.00000   40.20700
-999 -999 -999    10.80000   10.53100    7.32616 -999.00000 -999.00000   29.34600
-999 -999 -999    12.10000   10.45000    7.71814 -999.00000 -999.00000   24.40500
-999 -999 -999    10.10000   10.18900    7.92528 -999.00000 -999.00000   22.52400
-999 -999 -999     9.20000    9.78800    7.72991 -999.00000 -999.00000   22.35700
-999 -999 -999     8.40000    9.10400    7.34862 -999.00000 -999.00000   35.10500
-999 -999 -999     9.90000    8.96500    7.15298 -999.00000 -999.00000   38.57300
-999 -999 -999    11.70000    9.14900    7.45497 -999.00000 -999.00000   29.05300
-999 -999 -999    12.90000    9.52900    8.04971 -999.00000 -999.00000   24.56800
-999 -999 -999    13.10000    9.85600    8.65416 -999.00000 -999.00000   22.74800
-999 -999 -999    12.70000    9.77700    9.08157 -999.00000 -999.00000   21.97500
-999 -999 -999    12.30000    9.95000    9.31058 -999.00000 -999.00000   21.40600
-999 -999 -999    10.30000    9.78300    9.19994 -999.00000 -999.00000   21.71200
-999 -999 -999     5.80000    9.43500    8.32898 -999.00000 -999.00000   23.12400
-999 -999 -999     4.80000    8.45700    6.98900 -999.00000 -999.00000   25.96800
-999 -999 -999     6.30000    7.37400    6.04328 -999.00000 -999.00000   34.25200
-999 -999 -999     4.60000    6.47200    5.32507 -999.00000 -999.00000   29.48000
-999 -999 -999     4.50000    5.81500    4.58313 -999.00000 -999.00000   25.30000
-999 -999 -999     5.00000    5.43600    4.09164 -999.00000 -999.00000   23.21600
-999 -999 -999     6.60000    5.47300    3.97481 -999.00000 -999.00000   21.37400
-999 -999 -999     9.90000    6.11500    4.46274 -999.00000 -999.00000   20.50000
-999 -999 -999     9.60000    6.56500    5.19689 -999.00000 -999.00000   21.71500
-999 -999 -999    10.10000    6.99900    5.80738 -999.00000 -999.00000   24.07200
-999 -999 -999     8.10000    6.86200    6.10153 -999.00000 -999.00000   24.72100
-999 -999 -999    13.80000    7.59400    6.82187 -999.00000 -999.00000   28.40000
-999 -999 -999    13.30000    8.56800    8.02258 -999.00000 -999.00000   28.00400
-999 -999 -999    10.60000    8.92800    8.48759 -999.00000 -999.00000   25.23200
-999 -999 -999    12.90000    9.65300    8.76685 -999.00000 -999.00000   23.65000
-999 -999 -999    12.80000   10.38900    9.25003 -999.00000 -999.00000   23.75800
-999 -999 -999     9.50000   10.48100    9.18129 -999.00000 -999.00000   31.60300
-999 -999 -999     8.20000    9.48900    8.53511 -999.00000 -999.00000  118.78400
-999 -999 -999     9.00000    9.35600    8.09972 -999.00000 -999.00000   84.91100
-999 -999 -999     5.60000    8.09500    7.48016 -999.00000 -999.00000   75.18300
-999 -999 -999     5.90000    6.78300    6.76875 -999.00000 -999.00000   97.51700
-999 -999 -999     5.30000    5.79600    6.34434 -999.00000 -999.00000   68.33300
-999 -999 -999     7.60000    5.92500    6.16900 -999.00000 -999.00000   49.06100
-999 -999 -999     9.20000    5.85800    6.52938 -999.00000 -999.00000   42.91400
-999 -999 -999     8.30000    6.46800    6.86470 -999.00000 -999.00000   46.61700
-999 -999 -999     7.30000    6.48800    6.84287 -999.00000 -999.00000   44.71200
-999 -999 -999     9.10000    6.98900    7.07083 -999.00000 -999.00000   64.59800
-999 -999 -999    13.20000    8.85100   10.64521 -999.00000 -999.00000 2909.07300
-999 -999 -999     8.40000    8.55600   11.03513 -999.00000 -999.00000 1587.63500
-999 -999 -999     6.50000    7.09200    9.72361 -999.00000 -999.00000  707.24000
-999 -999 -999     5.10000    5.99800   10.36813 -999.00000 -999.00000  576.52100
2014   12   26     7.30000    7.49900    9.38400    7.49900    9.38400  205.97900
2014   12   27     6.40000    6.53600    9.03769    6.53600    9.03769  158.57300
2014   12   28     6.40000    6.08800    8.62621    6.08800    8.62621  133.61500
2014   12   29     4.80000    5.64000    8.13672    5.64000    8.13672  119.37500
2014   12   30     6.10000    5.53200    7.82853    5.53200    7.82853  108.58300
2014   12   31     5.40000    4.47800    7.72550    4.47800    7.72550   97.37300
2015    1    1     3.40000    3.84900    7.15454    3.84900    7.15454   86.38100
2015    1    2     3.60000    3.57200    6.51037    3.57200    6.51037   79.65000
2015    1    3     4.90000    3.44900    6.40719    3.44900    6.40719   79.60000
2015    1    4     5.90000    3.72400    6.71922    3.72400    6.71922   76.30500
2015    1    5     7.50000    4.05700    7.26138    4.05700    7.26138   72.91300
2015    1    6     9.10000    4.53900    8.02843    4.53900    8.02843   70.38400
2015    1    7    10.10000    5.09000    8.83917    5.09000    8.83917   67.78600
2015    1    8    10.60000    5.62000    9.51649    5.62000    9.51649   65.50000
2015    1    9    10.60000    6.40700    9.98509    6.40700    9.98509   64.35000
2015    1   10    11.30000    7.12400   10.37511    7.12400   10.37511   62.91600
2015    1   11    10.80000    7.36800   10.64849    7.36800   10.64849   61.90000
2015    1   12    10.10000    7.77400   10.64398    7.77400   10.64398   60.08500
2015    1   13     8.80000    8.03500   10.35586    8.03500   10.35586   58.45000
2015    1   14     9.00000    7.89400   10.03090    7.89400   10.03090   56.55600
2015    1   15     8.40000    7.75600    9.78718    7.75600    9.78718   55.28800
2015    1   16     9.30000    8.23300    9.69023    8.23300    9.69023   53.55200
2015    1   17     9.30000    8.68300    9.76927    8.68300    9.76927   52.37100
2015    1   18     8.90000    8.66200    9.77234    8.66200    9.77234   51.70000
2015    1   19    10.60000    8.91600    9.97664    8.91600    9.97664   50.86000
2015    1   20     9.80000    9.25000   10.25060    9.25000   10.25060   50.40000
2015    1   21     9.40000    9.58300   10.27024    9.58300   10.27024   50.40000
2015    1   22     8.20000    9.37900   10.07397    9.37900   10.07397   50.06100
2015    1   23     8.40000    9.23800    9.81755    9.23800    9.81755   48.73400
2015    1   24     7.20000    9.56700    9.51457    9.56700    9.51457   47.34000
2015    1   25     8.50000    9.67700    9.33571    9.67700    9.33571   46.21400
2015    1   26    10.50000    9.28900    9.69444    9.28900    9.69444   45.40000
2015    1   27    12.50000    9.50600   10.49975    9.50600   10.49975   44.65500
2015    1   28    11.00000    9.44200   11.10549    9.44200   11.10549   44.30000
2015    1   29    11.40000    9.32100   11.36441    9.32100   11.36441   44.39200
2015    1   30    11.40000    9.33600   11.61999    9.33600   11.61999   45.26200
2015    1   31    13.40000    9.35000   12.08919    9.35000   12.08919   44.22000
2015    2    1    12.20000    9.33900   12.51242    9.33900   12.51242   43.06200
2015    2    2    12.10000    9.59400   12.61040    9.59400   12.61040   41.98500
2015    2    3    12.60000   10.06100   12.73549   10.06100   12.73549   41.00000
2015    2    4    13.00000   10.24200   12.95061   10.24200   12.95061   40.30200
2015    2    5    12.20000   10.16200   13.05101   10.16200   13.05101   40.00000
2015    2    6    14.10000   10.30000   13.32621   10.30000   13.32621   44.29800
2015    2    7    15.60000   11.90900   17.77906   11.90900   17.77906  885.66500
2015    2    8    15.00000   11.91900   19.44938   11.91900   19.44938 3291.35400
2015    2    9    14.50000   11.44800   19.48088   11.44800   19.48088 4976.56200
2015    2   10    10.40000    9.80400   19.56583    9.80400   19.56583 1902.08300
2015    2   11    11.90000    8.91100   18.94372    8.91100   18.94372 1120.24000
2015    2   12    13.60000    9.43000   19.69547    9.43000   19.69547  786.56200
2015    2   13    14.80000   10.01900   19.25655   10.01900   19.25655  603.19800
2015    2   14    14.90000   10.56600   19.62482   10.56600   19.62482  482.89600
2015    2   15    14.40000   10.64100   19.35724   10.64100   19.35724  401.16700
2015    2   16    15.00000   10.97200   19.40166   10.97200   19.40166  342.81200
2015    2   17    12.40000   10.85400   19.04546   10.85400   19.04546  295.30200
2015    2   18    11.60000   11.31800   18.47315   11.31800   18.47315  261.54200
2015    2   19    11.10000   11.02600   18.18288   11.02600   18.18288  234.91700
2015    2   20    11.60000   11.17900   18.07625   11.17900   18.07625  215.79200
2015    2   21     9.10000   10.38300   17.66890   10.38300   17.66890  197.93800
2015    2   22    12.80000   10.51200   17.69977   10.51200   17.69977  183.03100
2015    2   23    11.40000   10.72800   17.98791   10.72800   17.98791  167.26000
2015    2   24     9.80000   10.34700   17.44448   10.34700   17.44448  151.54200
2015    2   25    11.10000    9.95400   17.13755    9.95400   17.13755  140.93800
2015    2   26    13.20000   10.16600   17.54318   10.16600   17.54318  135.35400
2015    2   27    12.60000   10.86100   17.91051   10.86100   17.91051  130.95800
2015    2   28    10.50000   11.07300   17.65025   11.07300   17.65025  133.58300
2015    3    1    10.80000   10.74700   17.50780   10.74700   17.50780  151.09400
2015    3    2    11.30000   11.00600   17.66428   11.00600   17.66428  134.83300
2015    3    3    11.30000   11.13000   17.73146   11.13000   17.73146  135.97900
2015    3    4    10.50000   11.03500   17.62563   11.03500   17.62563  127.61500
2015    3    5    13.20000   11.21900   17.78429   11.21900   17.78429  117.37500
2015    3    6    13.20000   11.58200   18.19479   11.58200   18.19479  111.56200
2015    3    7    14.90000   12.17600   18.59078   12.17600   18.59078  107.08300
2015    3    8    15.80000   12.82300   19.14713   12.82300   19.14713  102.67400
2015    3    9    15.20000   13.40600   19.41746   13.40600   19.41746   99.04100
2015    3   10    16.80000   13.94100   19.68509   13.94100   19.68509   95.66200
2015    3   11    14.90000   14.27800   19.76245   14.27800   19.76245   93.60000
2015    3   12    15.70000   14.51600   19.64970   14.51600   19.64970   93.86200
2015    3   13    18.60000   15.53000   20.26956   15.53000   20.26956   99.39700
2015    3   14    20.50000   16.80500   21.35066   16.80500   21.35066   92.90400
2015    3   15    18.50000   17.37400   21.79398   17.37400   21.79398   86.34600
2015    3   16    15.30000   16.74600   21.16509   16.74600   21.16509   82.25000
2015    3   17    16.70000   17.12600   20.55727   17.12600   20.55727   79.48300
2015    3   18    15.10000   17.03000   20.20848   17.03000   20.20848   76.52500
2015    3   19    21.30000   16.99300   20.71414   16.99300   20.71414   73.51400
2015    3   20    16.00000   16.75000   21.11707   16.75000   21.11707   71.06900
2015    3   21    16.50000   16.64000   20.58175   16.64000   20.58175   68.14100
2015    3   22    15.70000   16.82000   20.22638   16.82000   20.22638   65.80000
2015    3   23    14.20000   16.97900   19.67363   16.97900   19.67363   64.83300
2015    3   24    14.30000   16.75200   19.21233   16.75200   19.21233   70.29600
2015    3   25    15.90000   16.38000   19.38312   16.38000   19.38312   79.23300
2015    3   26    18.50000   17.15400   20.14443   17.15400   20.14443   70.56900
2015    3   27    19.70000   18.09500   21.02670   18.09500   21.02670   65.96700
2015    3   28    17.80000   18.56700   21.35716   18.56700   21.35716   61.41800
2015    3   29    18.10000   18.58000   21.25202   18.58000   21.25202   57.20500
2015    3   30    18.30000   18.84800   21.23544   18.84800   21.23544   55.60800
2015    3   31    15.90000   18.95100   20.88445   18.95100   20.88445   52.77000
2015    4    1    13.00000   17.69600   19.86753   17.69600   19.86753   50.10200
2015    4    2    13.90000   16.64100   18.91655   16.64100   18.91655   48.34200
2015    4    3    14.70000   16.42100   18.53762   16.42100   18.53762   46.74400
2015    4    4    14.00000   16.45500   18.29199   16.45500   18.29199   45.69800
2015    4    5    10.50000   15.82300   17.53230   15.82300   17.53230   45.40000
2015    4    6    11.00000   14.83400   16.63433   14.83400   16.63433   46.47600
2015    4    7     9.30000   14.01800   16.11748   14.01800   16.11748   61.44100
2015    4    8    11.20000   13.92600   16.62955   13.92600   16.62955   93.59700
2015    4    9    12.60000   14.61500   18.06867   14.61500   18.06867  102.21500
2015    4   10    15.10000   15.47300   19.26030   15.47300   19.26030   85.20200
2015    4   11    15.50000   16.35700   19.92047   16.35700   19.92047   74.37800
2015    4   12    16.80000   17.06100   20.32623   17.06100   20.32623   68.08100
2015    4   13    16.70000   17.77400   20.64698   17.77400   20.64698   65.79900
2015    4   14    13.40000   17.92400   20.25975   17.92400   20.25975   61.66600
2015    4   15    15.90000   17.25700   19.84552   17.25700   19.84552   58.86800
2015    4   16    16.43300   17.49000   20.01524   17.49000   20.01524   57.31000
2015    4   17    16.96700   18.23200   20.22575   18.23200   20.22575   53.99000
2015    4   18    17.50000   19.09400   20.43264   19.09400   20.43264   49.85800
2015    4   19    18.85000   20.04800   20.75621   20.04800   20.75621   46.58000
2015    4   20    20.20000   20.69600   21.30352   20.69600   21.30352   45.32000
2015    4   21    14.20000   20.11900   20.97917   20.11900   20.97917   43.60100
2015    4   22    16.30000   19.88000   20.18807   19.88000   20.18807   42.14600
2015    4   23    17.10000   20.53500   20.05396   20.53500   20.05396   41.24100
2015    4   24    15.00000   20.41900   19.76745   20.41900   19.76745   40.14600
2015    4   25    15.10000   19.54300   19.82814   19.54300   19.82814   83.27800
2015    4   26    17.00000   19.08800   22.13082   19.08800   22.13082  203.13500
2015    4   27    20.10000   18.96400   24.48889   18.96400   24.48889  144.92700
2015    4   28    20.60000   20.16500   24.90381   20.16500   24.90381  107.87500
2015    4   29    19.80000   21.11200   24.71849   21.11200   24.71849   95.99000
2015    4   30    21.80000   21.65700   24.70264   21.65700   24.70264   86.59900
2015    5    1    23.50000   22.29900   25.20971   22.29900   25.20971   83.50400
2015    5    2    20.50000   22.77900   25.22465   22.77900   25.22465   79.24400
2015    5    3    17.00000   22.51600   24.14892   22.51600   24.14892   67.07800
2015    5    4    15.60000   22.14400   22.69876   22.14400   22.69876   57.10800
2015    5    5    16.60000   21.80600   21.70009   21.80600   21.70009   52.64900
2015    5    6    17.20000   21.71400   21.25815   21.71400   21.25815   48.90200
2015    5    7    14.00000   20.53000   20.54910   20.53000   20.54910   45.63100
2015    5    8    15.50000   19.56800   19.81624   19.56800   19.81624   45.50500
2015    5    9    17.00000   20.15300   19.90769   20.15300   19.90769   57.20700
2015    5   10    17.50000   21.06600   20.37804   21.06600   20.37804   56.82900
2015    5   11    16.40000   21.21500   20.56092   21.21500   20.56092   56.65900
2015    5   12    15.00000   20.94600   20.23488   20.94600   20.23488   50.50700
2015    5   13    14.60000   20.55100   19.63900   20.55100   19.63900   44.16500
2015    5   14    13.80000   18.91800   19.17153   18.91800   19.17153   58.05600
2015    5   15    15.10000   17.51400   19.04780   17.51400   19.04780   53.80300
2015    5   16    16.60000   19.69700   19.27432   19.69700   19.27432   49.82300
2015    5   17    15.60000   20.32300   19.42865   20.32300   19.42865   49.42500
2015    5   18    15.70000   20.53600   19.36966   20.53600   19.36966   48.15000
2015    5   19    16.50000   21.13200   19.44482   21.13200   19.44482   48.61200
2015    5   20    16.30000   21.65700   19.57996   21.65700   19.57996   48.95500
2015    5   21    16.10000   21.37300   19.60375   21.37300   19.60375   48.95200
2015    5   22    17.00000   21.16700   19.69487   21.16700   19.69487   47.54300
2015    5   23    18.10000   21.80600   20.00393   21.80600   20.00393   46.55200
2015    5   24    18.80000   22.62200   20.45604   22.62200   20.45604   48.11900
2015    5   25    17.30000   23.00300   20.71286   23.00300   20.71286   56.39800
2015    5   26    17.30000   23.33900   20.70241   23.33900   20.70241   53.88600
2015    5   27    18.10000   23.43800   20.71001   23.43800   20.71001   46.50700
2015    5   28    19.80000   23.30900   20.95071   23.30900   20.95071   41.83500
2015    5   29    21.40000   23.47600   21.49569   23.47600   21.49569   39.30200
2015    5   30    22.30000   24.02700   22.14121   24.02700   22.14121   35.48200
2015    5   31    18.50000   23.79500   22.14061   23.79500   22.14061   32.18200
2015    6    1    18.70000   23.32700   21.62129   23.32700   21.62129   30.13800
2015    6    2    20.60000   23.91100   21.49544   23.91100   21.49544   28.28100
2015    6    3    19.80000   24.25900   21.51773   24.25900   21.51773   26.07500
2015    6    4    20.70000   24.38000   21.51190   24.38000   21.51190   24.07800
2015    6    5    23.40000   24.92100   21.92788   24.92100   21.92788   23.50400
2015    6    6    22.50000   25.22700   22.43885   25.22700   22.43885   21.98000
2015    6    7    26.00000   25.82900   23.13741   25.82900   23.13741   24.10600
2015    6    8    29.90000   27.21000   24.63383   27.21000   24.63383   29.59600
2015    6    9    26.30000   26.81100   25.78277   26.81100   25.78277   26.75800
2015    6   10    20.70000   25.36500   25.44036   25.36500   25.44036   23.77400
2015    6   11    25.50000   25.76100   25.06845   25.76100   25.06845   22.13000
2015    6   12    28.40000   27.08800   25.71436   27.08800   25.71436   21.53000
2015    6   13    25.70000   27.65200   26.21844   27.65200   26.21844   21.86100
2015    6   14    21.70000   27.02700   25.79931   27.02700   25.79931   20.54800
2015    6   15    20.70000   26.45500   24.89771   26.45500   24.89771   18.40700
2015    6   16    23.90000   26.46100   24.46159   26.46100   24.46159   16.80900
2015    6   17    25.70000   26.58600   24.67993   26.58600   24.67993   14.99300
2015    6   18    24.20000   26.38500   24.87935   26.38500   24.87935   13.00000
2015    6   19    24.40000   26.12300   24.89083   26.12300   24.89083   12.00700
2015    6   20    25.90000   26.29700   25.06765   26.29700   25.06765   11.08300
2015    6   21    22.20000   25.71700   24.99572   25.71700   24.99572    9.97400
2015    6   22    26.90000   25.48400   25.02096   25.48400   25.02096    9.14800
2015    6   23    24.70000   26.15200   25.28348   26.15200   25.28348    8.54700
2015    6   24    26.10000   26.60300   25.41928   26.60300   25.41928    8.22100
2015    6   25    29.20000   27.59900   25.93381   27.59900   25.93381    7.30600
2015    6   26    29.50000   28.16700   26.66155   28.16700   26.66155    7.05900
2015    6   27    24.70000   27.84300   26.87673   27.84300   26.87673    6.53900
2015    6   28    25.40000   27.89000   26.69775   27.89000   26.69775    6.33700
2015    6   29    26.20000   27.99400   26.67550   27.99400   26.67550    5.50900
2015    6   30    31.20000   28.89600   27.13522   28.89600   27.13522    5.45800
2015    7    1    30.00000   28.72500   27.83313   28.72500   27.83313    4.91300
2015    7    2    28.50000   28.29500   28.20408   28.29500   28.20408    4.04500
2015    7    3    26.80000   28.07900   28.27138   28.07900   28.27138    4.36800
2015    7    4    27.10000   28.64000   28.22542   28.64000   28.22542    3.66800
2015    7    5    23.00000   28.17200   27.91820   28.17200   27.91820    3.42600
2015    7    6    23.30000   27.83400   27.37009   27.83400   27.37009    3.70200
2015    7    7    22.90000   27.57500   26.88098   27.57500   26.88098    3.44000
2015    7    8    22.90000   26.82600   26.43401   26.82600   26.43401    3.19700
2015    7    9    18.60000   25.38100   25.76140   25.38100   25.76140    2.84200
2015    7   10    20.50000   25.11600   24.99709   25.11600   24.99709    3.30400
2015    7   11    22.00000   25.84800   24.54337   25.84800   24.54337    3.30100
2015    7   12    22.60000   25.91000   24.29866   25.91000   24.29866    2.77700
2015    7   13    23.90000   26.45300   24.21736   26.45300   24.21736    3.41800
2015    7   14    23.10000   26.73900   24.17510   26.73900   24.17510    3.25400
2015    7   15    24.70000   26.92900   24.19237   26.92900   24.19237    2.88400
2015    7   16    25.90000   27.86600   24.39566   27.86600   24.39566    2.51600
2015    7   17    26.00000   27.73000   24.66979   27.73000   24.66979    3.57900
2015    7   18    24.40000   27.33500   24.81239   27.33500   24.81239    3.44100
2015    7   19    26.90000   27.74400   24.98890   27.74400   24.98890    2.64400
2015    7   20    28.80000   28.79000   25.44645   28.79000   25.44645    2.92000
2015    7   21    25.40000   28.56200   25.75170   28.56200   25.75170    2.89000
2015    7   22    22.20000   27.28300   25.57916   27.28300   25.57916    2.53400
2015    7   23    21.00000   26.41900   25.17032   26.41900   25.17032    1.64700
2015    7   24    22.60000   26.40700   24.84877   26.40700   24.84877    1.70700
2015    7   25    22.90000   26.42700   24.68787   26.42700   24.68787    0.68300
2015    7   26    23.20000   26.47000   24.57968   26.47000   24.57968    1.53400
2015    7   27    25.60000   26.57700   24.61712   26.57700   24.61712    1.63000
2015    7   28    28.00000   27.04600   24.90625   27.04600   24.90625    1.16800
2015    7   29    30.40000   28.20000   25.38376   28.20000   25.38376    0.82800
2015    7   30    28.10000   28.56900   25.79354   28.56900   25.79354    0.55100
2015    7   31    25.50000   27.74900   25.93899   27.74900   25.93899    0.37400
2015    8    1    24.00000   27.18400   25.91524   27.18400   25.91524    0.25100
2015    8    2    23.80000   27.49100   25.84016   27.49100   25.84016    0.18000
2015    8    3    22.40000   26.90800   25.73241   26.90800   25.73241    0.13200
2015    8    4    20.60000   25.18100   25.56721   25.18100   25.56721    0.07100
2015    8    5    23.40000   25.09500   25.45129   25.09500   25.45129    0.02300
2015    8    6    24.90000   25.00900   25.43050   25.00900   25.43050    0.00000
2015    8    7    24.40000   24.92300   25.43050   24.92300   25.43050    0.00000
2015    8    8    22.30000   24.83800   25.43050   24.83800   25.43050    0.00000
2015    8    9    24.50000   24.75200   25.43050   24.75200   25.43050    0.00000
2015    8   10    23.10000   24.66600   25.43050   24.66600   25.43050    0.00000
2015    8   11    22.80000   24.58000   25.43050   24.58000   25.43050    0.00000
2015    8   12    23.60000   24.49400   25.43050   24.49400   25.43050    0.00000
2015    8   13    23.60000   24.40800   25.43050   24.40800   25.43050    0.00000
2015    8   14    23.00000   24.32200   25.43050   24.32200   25.43050    0.00000
2015    8   15    25.50000   24.23600   25.43050   24.23600   25.43050    0.00000
2015    8   16    29.00000   24.15000   25.43050   24.15000   25.43050    0.00000
2015    8   17    29.70000   24.06400   25.43050   24.06400   25.43050    0.00000
2015    8   18    25.20000   23.97800   25.43050   23.97800   25.43050    0.00000
2015    8   19    22.50000   23.89200   25.43050   23.89200   25.43050    0.00000
2015    8   20    24.60000   23.80600   25.43050   23.80600   25.43050    0.00000
2015    8   21    21.50000   23.72000   25.43050   23.72000   25.43050    0.00000
2015    8   22    22.40000   23.63400   25.43050   23.63400   25.43050    0.00000
2015    8   23    22.80000   23.54800   25.43050   23.54800   25.43050    0.00000
2015    8   24    23.80000   23.46200   25.43050   23.46200   25.43050    0.00000
2015    8   25    24.90000   23.37700   25.43050   23.37700   25.43050    0.00000
2015    8   26    26.40000   23.29100   25.43050   23.29100   25.43050    0.00000
2015    8   27    28.20000   23.20500   25.43050   23.20500   25.43050    0.00000
2015    8   28    28.20000   23.11900   25.43050   23.11900   25.43050    0.00000
2015    8   29    23.20000   23.03300   25.43050   23.03300   25.43050    0.00000
2015    8   30    21.80000   22.94700   25.43050   22.94700   25.43050    0.00000
2015    8   31    23.80000   22.86100   25.43050   22.86100   25.43050    0.00000
2015    9    1    23.80000   22.77500   25.43050   22.77500   25.43050    0.00000
2015    9    2    21.40000   22.68900   25.43050   22.68900   25.43050    0.00000
2015    9    3    20.70000   22.60300   25.43050   22.60300   25.43050    0.00000
2015    9    4    19.40000   22.51700   25.43050   22.51700   25.43050    0.00000
2015    9    5    19.50000   22.43100   25.43050   22.43100   25.43050    0.00000
2015    9    6    21.40000   22.34500   25.43050   22.34500   25.43050    0.00000
2015    9    7    23.70000   22.25900   25.43050   22.25900   25.43050    0.00000
2015    9    8    25.60000   22.17300   25.43050   22.17300   25.43050    0.00000
2015    9    9    28.30000   22.08800   25.43050   22.08800   25.43050    0.00000
2015    9   10    29.30000   22.00200   25.43050   22.00200   25.43050    0.00000
2015    9   11    28.70000   21.91600   25.43050   21.91600   25.43050    0.00000
2015    9   12    24.70000   21.83000   25.43050   21.83000   25.43050    0.00000
2015    9   13    25.80000   21.74400   25.43050   21.74400   25.43050    0.00000
2015    9   14    20.00000   21.65800   25.43050   21.65800   25.43050    0.00000
2015    9   15    18.80000   21.57200   25.43050   21.57200   25.43050    0.00000
2015    9   16    17.50000   21.48600   25.43050   21.48600   25.43050    0.00000
2015    9   17    20.00000   21.40000   25.43050   21.40000   25.43050    0.00000
2015    9   18    20.10000   21.31400   25.43050   21.31400   25.43050    0.00000
2015    9   19    22.60000   21.22800   25.43050   21.22800   25.43050    0.00000
2015    9   20    24.80000   21.14200   25.43050   21.14200   25.43050    0.00000
2015    9   21    26.60000   21.05600   25.43050   21.05600   25.43050    0.00000
2015    9   22    22.10000   20.97000   25.43050   20.97000   25.43050    0.00000
2015    9   23    20.50000   20.88400   25.43050   20.88400   25.43050    0.00000
2015    9   24    23.70000   20.79800   25.43050   20.79800   25.43050    0.00000
2015    9   25    24.90000   20.71200   25.43050   20.71200   25.43050    0.00000
2015    9   26    24.80000   20.62700   25.43050   20.62700   25.43050    0.00000
2015    9   27    23.40000   20.54100   25.43050   20.54100   25.43050    0.00000
2015    9   28    22.70000   20.45500   25.43050   20.45500   25.43050    0.00000
2015    9   29    19.00000   20.36900   25.43050   20.36900   25.43050    0.00000
2015    9   30    17.00000   20.28300   25.43050   20.28300   25.43050    0.00000
2015   10    1    18.40000   20.19700   25.43050   20.19700   25.43050    0.00000
2015   10    2    21.00000   20.11100   25.43050   20.11100   25.43050    0.00000
2015   10    3    19.70000   20.02500   25.43050   20.02500   25.43050    0.00000
2015   10    4    18.40000   19.93900   25.43050   19.93900   25.43050    0.00000
2015   10    5    20.10000   19.85300   25.43050   19.85300   25.43050    0.00000
2015   10    6    20.40000   19.76700   25.43050   19.76700   25.43050    0.00000
2015   10    7    21.30000   19.68100   25.43050   19.68100   25.43050    0.00000
2015   10    8    23.00000   19.59500   25.43050   19.59500   25.43050    0.00000
2015   10    9    22.80000   19.50900   25.43050   19.50900   25.43050    0.00000
2015   10   10    21.90000   19.42300   25.43050   19.42300   25.43050    0.00000
2015   10   11    21.50000   19.33800   25.43050   19.33800   25.43050    0.00000
2015   10   12    22.80000   19.25200   25.43050   19.25200   25.43050    0.00000
2015   10   13    24.40000   19.16600   25.43050   19.16600   25.43050    0.00000
2015   10   14    24.70000   19.08000   25.43050   19.08000   25.43050    0.00000
2015   10   15    23.80000   18.99400   25.43050   18.99400   25.43050    0.00000
2015   10   16    23.00000   18.90800   25.43050   18.90800   25.43050    0.00000
2015   10   17    17.40000   18.82200   25.43050   18.82200   25.43050    0.00000
2015   10   18    17.50000   18.73600   25.43050   18.73600   25.43050    0.00000
2015   10   19    17.60000   18.65000   25.43050   18.65000   25.43050    0.00000
2015   10   20    19.10000   18.56400   25.43050   18.56400   25.43050    0.00000
2015   10   21    18.40000   18.47800   25.43050   18.47800   25.43050    0.00000
2015   10   22    19.60000   18.39200   24.89628   18.39200   24.89628    6.44400
2015   10   23    18.50000   18.30600   23.63943   18.30600   23.63943   11.34600
2015   10   24    18.70000   17.92800   22.37973   17.92800   22.37973   10.30400
2015   10   25    19.00000   17.72400   21.45595   17.72400   21.45595    9.33900
2015   10   26    17.70000   17.24100   20.64272   17.24100   20.64272    8.68000
2015   10   27    18.00000   16.88300   19.89753   16.88300   19.89753    8.34200
2015   10   28    17.30000   17.30900   19.25576   17.30900   19.25576    8.01600
2015   10   29    17.00000   16.27500   18.64213   16.27500   18.64213    7.69000
2015   10   30    18.30000   15.78800   18.22569   15.78800   18.22569    7.69000
2015   10   31    20.70000   16.23800   18.20976   16.23800   18.20976    7.98600
2015   11    1    16.40000   16.16000   18.01695   16.16000   18.01695    8.06100
2015   11    2    13.00000   15.70200   17.09662   15.70200   17.09662    9.94700
2015   11    3    12.00000   15.20200   15.78015   15.20200   15.78015   13.80100
2015   11    4    10.70000   14.01000   13.94359   14.01000   13.94359   37.06800
2015   11    5    10.70000   13.17100   11.97108   13.17100   11.97108   41.77500
2015   11    6    10.30000   12.53100   10.64893   12.53100   10.64893   28.57200
2015   11    7    11.90000   12.30000   10.05053   12.30000   10.05053   22.05000
2015   11    8    10.80000   11.67500    9.74197   11.67500    9.74197   19.20000
2015   11    9     9.70000   11.49500    9.25955   11.49500    9.25955   20.14200
2015   11   10     9.70000   11.85500    8.74329   11.85500    8.74329   22.97700
2015   11   11     8.40000   11.17200    8.06168   11.17200    8.06168   48.12800
2015   11   12     8.80000   11.00800    7.40161   11.00800    7.40161   40.20700
2015   11   13    10.80000   10.53100    7.32616   10.53100    7.32616   29.34600
2015   11   14    12.10000   10.45000    7.71814   10.45000    7.71814   24.40500
2015   11   15    10.10000   10.18900    7.92528   10.18900    7.92528   22.52400
2015   11   16     9.20000    9.78800    7.72991    9.78800    7.72991   22.35700
2015   11   17     8.40000    9.10400    7.34862    9.10400    7.34862   35.10500
2015   11   18     9.90000    8.96500    7.15298    8.96500    7.15298   38.57300
2015   11   19    11.70000    9.14900    7.45497    9.14900    7.45497   29.05300
2015   11   20    12.90000    9.52900    8.04971    9.52900    8.04971   24.56800
2015   11   21    13.10000    9.85600    8.65416    9.85600    8.65416   22.74800
2015   11   22    12.70000    9.77700    9.08157    9.77700    9.08157   21.97500
2015   11   23    12.30000    9.95000    9.31058    9.95000    9.31058   21.40600
2015   11   24    10.30000    9.78300    9.19994    9.78300    9.19994   21.71200
2015   11   25     5.80000    9.43500    8.32898    9.43500    8.32898   23.12400
2015   11   26     4.80000    8.45700    6.98900    8.45700    6.98900   25.96800
2015   11   27     6.30000    7.37400    6.04328    7.37400    6.04328   34.25200
2015   11   28     4.60000    6.47200    5.32507    6.47200    5.32507   29.48000
2015   11   29     4.50000    5.81500    4.58313    5.81500    4.58313   25.30000
2015   11   30     5.00000    5.43600    4.09164    5.43600    4.09164   23.21600
2015   12    1     6.60000    5.47300    3.97481    5.47300    3.97481   21.37400
2015   12    2     9.90000    6.11500    4.46274    6.11500    4.46274   20.50000
2015   12    3     9.60000    6.56500    5.19689    6.56500    5.19689   21.71500
2015   12    4    10.10000    6.99900    5.80738    6.99900    5.80738   24.07200
2015   12    5     8.10000    6.86200    6.10153    6.86200    6.10153   24.72100
2015   12    6    13.80000    7.59400    6.82187    7.59400    6.82187   28.40000
2015   12    7    13.30000    8.56800    8.02258    8.56800    8.02258   28.00400
2015   12    8    10.60000    8.92800    8.48759    8.92800    8.48759   25.23200
2015   12    9    12.90000    9.65300    8.76685    9.65300    8.76685   23.65000
2015   12   10    12.80000   10.38900    9.25003   10.38900    9.25003   23.75800
2015   12   11     9.50000   10.48100    9.18129   10.48100    9.18129   31.60300
2015   12   12     8.20000    9.48900    8.53511    9.48900    8.53511  118.78400
2015   12   13     9.00000    9.35600    8.09972    9.35600    8.09972   84.91100
2015   12   14     5.60000    8.09500    7.48016    8.09500    7.48016   75.18300
2015   12   15     5.90000    6.78300    6.76875    6.78300    6.76875   97.51700
2015   12   16     5.30000    5.79600    6.34434    5.79600    6.34434   68.33300
2015   12   17     7.60000    5.92500    6.16900    5.92500    6.16900   49.06100
2015   12   18     9.20000    5.85800    6.52938    5.85800    6.52938   42.91400
2015   12   19     8.30000    6.46800    6.86470    6.46800    6.86470   46.61700
2015   12   20     7.30000    6.48800    6.84287    6.48800    6.84287   44.71200
2015   12   21     9.10000    6.98900    7.07083    6.98900    7.07083   64.59800
2015   12   22    13.20000    8.85100   10.64521    8.85100   10.64521 2909.07300
2015   12   23     8.40000    8.55600   11.03513    8.55600   11.03513 1587.63500
2015   12   24     6.50000    7.09200    9.72361    7.09200    9.72361  707.24000
2015   12   25     5.10000    5.99800   10.36813    5.99800   10.36813  576.52100
2015   12   26     5.50000    4.75100    9.51375    4.75100    9.51375  353.32300
2015   12   27     3.60000    3.91800    9.06535    3.91800    9.06535  254.57300
2015   12   28     4.30000    4.11800    8.52791    4.11800    8.52791  213.36500
2015   12   29     3.70000    3.92600    8.29220    3.92600    8.29220  183.78100
2015   12   30     5.40000    3.85800    8.19957    3.85800    8.19957  154.24000
2015   12   31     7.40000    3.49200    8.58366    3.49200    8.58366  135.07300
2016    1    1     2.20000    3.22400    8.06935    3.22400    8.06935  119.47900
2016    1    2     5.40000    3.41900    7.43354    3.41900    7.43354  108.68800
2016    1    3     7.90000    4.11600    8.08949    4.11600    8.08949  109.35400
2016    1    4     8.10000    4.48900    8.84797    4.48900    8.84797  108.29200
2016    1    5    10.10000    5.80000    9.80036    5.80000    9.80036  147.46900
2016    1    6     9.10000    6.79000   11.98654    6.79000   11.98654  685.72900
2016    1    7     7.40000    7.13400   12.60207    7.13400   12.60207  550.74000
2016    1    8     6.60000    6.48800   11.69165    6.48800   11.69165  371.64600
2016    1    9     9.00000    6.65200   11.81428    6.65200   11.81428  269.66700
2016    1   10     9.40000    7.11200   11.96558    7.11200   11.96558  222.80200
2016    1   11     9.90000    7.24400   12.01799    7.24400   12.01799  197.59400
2016    1   12     9.40000    6.84400   11.96987    6.84400   11.96987  172.03100
2016    1   13    11.40000    7.47100   12.18253    7.47100   12.18253  165.07300
2016    1   14     8.10000    7.07400   12.23753    7.07400   12.23753  207.63500
2016    1   15     9.70000    7.45500   12.83042    7.45500   12.83042  372.89600
2016    1   16    11.60000    8.05800   14.11317    8.05800   14.11317  534.65600
2016    1   17    12.30000    8.53100   14.51518    8.53100   14.51518  460.34400
2016    1   18    13.20000    9.75100   15.07038    9.75100   15.07038 1092.60400
2016    1   19    12.60000    9.87000   15.37899    9.87000   15.37899 1182.69800
2016    1   20    12.50000    9.81000   15.43244    9.81000   15.43244 1165.33300
2016    1   21    12.50000    9.07900   15.57230    9.07900   15.57230  819.06200
2016    1   22    12.40000    8.77500   15.52055    8.77500   15.52055  670.95800
2016    1   23    11.10000    9.77700   16.03738    9.77700   16.03738 1796.29200
2016    1   24     9.80000    9.39800   16.20280    9.39800   16.20280 1777.18800
2016    1   25     9.80000    8.62300   16.10659    8.62300   16.10659 1147.21900
2016    1   26     9.80000    7.88400   16.11944    7.88400   16.11944  856.37500
2016    1   27    10.70000    7.64500   16.14100    7.64500   16.14100  686.90600
2016    1   28     9.90000    7.24000   16.11470    7.24000   16.11470  573.90600
2016    1   29    12.60000    7.84900   16.38655    7.84900   16.38655  528.78100
2016    1   30    11.30000    9.94000   17.56230    9.94000   17.56230 4145.68800
2016    1   31     9.40000    8.79600   17.64283    8.79600   17.64283 2656.87500
2016    2    1     7.20000    7.17500   17.43322    7.17500   17.43322 1778.64600
2016    2    2     6.50000    6.06000   17.43463    6.06000   17.43463 1280.20800
2016    2    3     7.10000    5.98100   17.30831    5.98100   17.30831 1033.65600
2016    2    4     9.00000    6.75800   17.56869    6.75800   17.56869  854.07300
2016    2    5    10.00000    6.95900   17.63029    6.95900   17.63029  728.96900
2016    2    6    10.10000    7.09200   17.71266    7.09200   17.71266  635.58300
2016    2    7    11.70000    7.33100   17.88031    7.33100   17.88031  566.65600
2016    2    8    13.60000    7.75500   18.28200    7.75500   18.28200  518.27100
2016    2    9    14.50000    8.23500   18.59770    8.23500   18.59770  500.27100
2016    2   10    13.30000    8.54700   18.63456    8.54700   18.63456  493.74000
2016    2   11    14.40000    8.67600   18.80822    8.67600   18.80822  491.78100
2016    2   12    13.70000    8.98300   19.00429    8.98300   19.00429  489.64600
2016    2   13    13.70000    9.26100   19.05094    9.26100   19.05094  484.88500
2016    2   14    15.40000    9.30500   19.42698    9.30500   19.42698  471.40600
2016    2   15    15.20000    9.58600   19.67098    9.58600   19.67098  462.03100
2016    2   16    16.40000    9.94100   19.91272    9.94100   19.91272  462.81200
2016    2   17    16.30000   10.05100   20.18831   10.05100   20.18831  470.22900
2016    2   18    10.80000    9.93400   20.17428    9.93400   20.17428  898.90600
2016    2   19    11.00000    8.75800   20.26818    8.75800   20.26818  859.02100
2016    2   20    10.40000    8.59300   20.13937    8.59300   20.13937  656.85400
2016    2   21    11.10000    8.77200   20.05186    8.77200   20.05186  579.81200
2016    2   22    11.90000    8.93100   20.23961    8.93100   20.23961  520.79200
2016    2   23    12.30000    8.91900   20.31454    8.91900   20.31454  480.10400
2016    2   24    14.30000    9.31800   20.64185    9.31800   20.64185  452.45800
2016    2   25    14.40000    9.73300   20.91043    9.73300   20.91043  435.96900
2016    2   26    15.20000   10.04400   21.08285   10.04400   21.08285  426.87500
2016    2   27    13.00000   10.91600   21.00006   10.91600   21.00006  421.30200
2016    2   28    12.80000   10.66900   20.83732   10.66900   20.83732  412.26000
2016    2   29    14.40000   10.50600   21.16380   10.50600   21.16380  395.51000
2016    3    1    16.10000   11.11000   21.61891   11.11000   21.61891  378.11500
2016    3    2    15.70000   11.47700   21.79636   11.47700   21.79636  365.25000
