"SIMULATED EQUIVALENT"   "OBSERVED VALUE"    "OBSERVATION NAME"
   1.16028344631E+00  -1.60732002258E+01  N21654.00001
   7.20823764801E+00  -1.43049001694E+01  N21654.00002
   1.93638172150E+01  -7.36280012131E+00  N15314.00001
   2.18523521423E+01  -7.32929992676E+00  N15314.00002
   2.37030487061E+01  -7.21040010452E+00  N15314.00003
   2.42509918213E+01  -7.17070007324E+00  N15314.00004
   2.43875923157E+01  -7.08540010452E+00  N15314.00005
   2.40096435547E+01  -7.00610017776E+00  N15314.00006
   2.34678916931E+01  -7.05179977417E+00  N15314.00007
   2.28829612732E+01  -7.09149980545E+00  N15314.00008
   2.26240272522E+01  -6.88719987869E+00  N15314.00009
   2.33427066803E+01  -6.85059976578E+00  N15314.00010
   2.36379642487E+01  -6.81099987030E+00  N15314.00011
   2.44716300964E+01  -6.78049993515E+00  N15314.00012
   2.48245334625E+01  -6.71950006485E+00  N15314.00013
   2.41872043610E+01  -6.71649980545E+00  N15314.00014
   2.29179840088E+01  -6.64629983902E+00  N15314.00015
   2.21439704895E+01  -6.64629983902E+00  N15314.00016
   2.13791446686E+01  -6.81099987030E+00  N15314.00017
   2.06317996979E+01  -6.82320022583E+00  N15314.00018
   1.99556465149E+01  -6.91769981384E+00  N15314.00019
   1.95600147247E+01  -6.87500000000E+00  N15314.00020
   1.80776939392E+01  -7.46040010452E+00  N15314.00021
   1.75812759399E+01  -7.37799978256E+00  N15314.00022
   1.68734378815E+01  -7.57009983063E+00  N15314.00023
   1.61671161652E+01  -7.64629983902E+00  N15314.00024
   1.47754926682E+01  -7.85979986191E+00  N15314.00025
   1.40845518112E+01  -7.97870016098E+00  N15314.00026
   1.27474422455E+01  -8.11890029907E+00  N15314.00027
   1.14208955765E+01  -8.19209957123E+00  N15314.00028
   1.09345941544E+01  -8.18900012970E+00  N15314.00029
   1.03919372559E+01  -8.17990016937E+00  N15314.00030
   9.87227058411E+00  -8.32009983063E+00  N15314.00031
   9.40458965302E+00  -8.28660011292E+00  N15314.00032
   9.03662395477E+00  -8.11590003967E+00  N15314.00033
   8.61603450775E+00  -7.99700021744E+00  N15314.00034
   8.36387634277E+00  -7.98479986191E+00  N15314.00035
   8.06919097900E+00  -8.04269981384E+00  N15314.00036
   7.49563169479E+00  -7.99389982224E+00  N15314.00037
   7.27278995514E+00  -7.89940023422E+00  N15314.00038
   6.93032264709E+00  -7.61280012131E+00  N15314.00039
   8.74642848969E+00  -7.58839988708E+00  N15314.00040
   1.01062469482E+01  -7.59450006485E+00  N15314.00041
   1.17047796249E+01  -7.35669994354E+00  N15314.00042
   1.29551715851E+01  -7.35979986191E+00  N15314.00043
   1.39525470734E+01  -7.13409996033E+00  N15314.00044
   1.52736883163E+01  -7.14330005646E+00  N15314.00045
   1.68291778564E+01  -7.22259998322E+00  N15314.00046
   2.13833007812E+01  -6.94210004807E+00  N15314.00047
   2.26261825562E+01  -6.92990016937E+00  N15314.00048
   2.44354686737E+01  -6.91769981384E+00  N15314.00049
   2.58696250916E+01  -6.78350019455E+00  N15314.00050
   2.70628318787E+01  -6.71649980545E+00  N15314.00051
   2.76373424530E+01  -6.72259998322E+00  N15314.00052
   2.74874801636E+01  -6.62500000000E+00  N15314.00053
   2.75456466675E+01  -6.51830005646E+00  N15314.00054
   2.73338966370E+01  -6.44820022583E+00  N15314.00055
   2.59744033813E+01  -6.53660011292E+00  N15314.00056
   2.52052783966E+01  -6.67379999161E+00  N15314.00057
   2.42333011627E+01  -7.04269981384E+00  N15314.00058
   2.24481182098E+01  -7.22259998322E+00  N15314.00059
   2.15808563232E+01  -7.32009983063E+00  N15314.00060
   2.07540092468E+01  -7.42679977417E+00  N15314.00061
   1.99621753693E+01  -7.57620000839E+00  N15314.00062
   1.84131870270E+01  -7.75610017776E+00  N15314.00063
   1.76472644806E+01  -7.83230018616E+00  N15314.00064
   1.69014263153E+01  -7.86590003967E+00  N15314.00065
   1.61717567444E+01  -7.98780012131E+00  N15314.00066
   1.54664831161E+01  -8.01519966125E+00  N15314.00067
   1.40467481613E+01  -8.01830005646E+00  N15314.00068
   1.36391105652E+01  -7.94509983063E+00  N15314.00069
   1.29545412064E+01  -7.94210004807E+00  N15314.00070
   1.25642471313E+01  -7.87799978256E+00  N15314.00071
   1.21581258774E+01  -7.88719987869E+00  N15314.00072
   1.17661972046E+01  -7.78049993515E+00  N15314.00073
   1.14421405792E+01  -7.80179977417E+00  N15314.00074
   1.11554355621E+01  -7.68900012970E+00  N15314.00075
   1.36092920303E+01  -6.67379999161E+00  N15314.00076
   1.57896814346E+01  -6.46950006485E+00  N6564.00001 
   2.14506244659E+01  -7.04879999161E+00  N6564.00002 
   2.09421997070E+01  -7.32320022583E+00  N6564.00003 
   1.95850715637E+01  -6.65240001678E+00  N6564.00004 
   2.16456527710E+01  -6.28660011292E+00  N6564.00005 
   1.78914833069E+01  -6.83540010452E+00  N6564.00006 
   1.24946603775E+01  -7.78049993515E+00  N6564.00007 
   7.90029716492E+00  -8.17679977417E+00  N6564.00008 
   6.12766695023E+00  -8.17679977417E+00  N6564.00009 
   4.36560058594E+00  -7.90240001678E+00  N6564.00010 
   3.31461071968E+00  -7.59759998322E+00  N6564.00011 
   7.10059118271E+00  -6.59149980545E+00  N6564.00012 
   1.86846485138E+01  -6.04269981384E+00  N6564.00013 
   2.12280158997E+01  -5.70730018616E+00  N6564.00014 
   2.12398738861E+01  -5.31099987030E+00  N6564.00015 
   1.70394420624E+01  -5.95120000839E+00  N6564.00016 
   1.89819202423E+01  -5.98169994354E+00  N6564.00017 
   1.60334701538E+01  -6.59149980545E+00  N6564.00018 
   1.17959032059E+01  -7.10979986191E+00  N6564.00019 
   8.95690822601E+00  -7.26219987869E+00  N6564.00020 
   7.90716886520E+00  -6.77440023422E+00  N6564.00021 
   7.12504863739E+00  -6.43900012970E+00  N6564.00022 
   1.16441745758E+01  -5.58540010452E+00  N6564.00023 
   1.28135595322E+01  -4.08540010452E+00  N6085.00001 
   1.98161544800E+01  -3.87199997902E+00  N6085.00002 
   1.81597099304E+01  -3.71950006485E+00  N6085.00003 
   1.69041385651E+01  -3.59759998322E+00  N6085.00004 
   1.84231662750E+01  -3.50609993935E+00  N6085.00005 
   7.98560428619E+00  -4.11590003967E+00  N6085.00006 
   3.34099769592E+00  -4.48169994354E+00  N6085.00007 
   1.64483892918E+00  -4.63409996033E+00  N6085.00008 
   3.89129370451E-02  -4.63409996033E+00  N6085.00009 
  -7.80265629292E-01  -4.96950006485E+00  N6085.00010 
   4.65894842148E+00  -4.26830005646E+00  N6085.00011 
   1.63413066864E+01  -3.75000000000E+00  N6085.00012 
   1.91069812775E+01  -3.29270005226E+00  N6085.00013 
   1.83855781555E+01  -2.53049993515E+00  N6085.00014 
   1.33989324570E+01  -2.46950006485E+00  N6085.00015 
   1.52550954819E+01  -2.77439999580E+00  N6085.00016 
   1.22477903366E+01  -2.89630007744E+00  N6085.00017 
   7.69480276108E+00  -3.35369992256E+00  N6085.00018 
   4.77018308640E+00  -3.68899989128E+00  N6085.00019 
   3.89018177986E+00  -3.07929992676E+00  N6085.00020 
   3.48593378067E+00  -3.32319998741E+00  N6085.00021 
   9.46499633789E+00  -3.07929992676E+00  N6085.00022 
   3.44437675476E+01   1.22866001129E+01  N11218.00001
   3.95418624878E+01   1.23170995712E+01  N11218.00002
   3.74596786499E+01   1.24390001297E+01  N11218.00003
   3.82840080261E+01   1.25000000000E+01  N11218.00004
   4.01313514709E+01   1.27743997574E+01  N11218.00005
   3.58663711548E+01   1.25000000000E+01  N11218.00006
   3.21305885315E+01   1.07926998138E+01  N11218.00007
   2.90176677704E+01   1.09450998306E+01  N11218.00008
   2.82709102631E+01   1.16159000397E+01  N11218.00009
   2.78358783722E+01   1.15549001694E+01  N11218.00010
   3.27098808289E+01   1.20732002258E+01  N11218.00011
   3.84990425110E+01   1.25609998703E+01  N11218.00012
   4.20579986572E+01   1.29267997742E+01  N11218.00013
   4.05488700867E+01   1.34756002426E+01  N11218.00014
   3.53567543030E+01   1.34450998306E+01  N11218.00015
   3.74751815796E+01   1.29877996445E+01  N11218.00016
   3.40307006836E+01   1.27439002991E+01  N11218.00017
   3.13210811615E+01   1.23475999832E+01  N11218.00018
   3.00592193604E+01   1.22866001129E+01  N11218.00019
   2.99027462006E+01   1.27743997574E+01  N11218.00020
   2.92220134735E+01   1.27133998871E+01  N11218.00021
   3.46572723389E+01   1.29877996445E+01  N11218.00022
   3.00536689758E+01  -1.04569995403E+00  N15343.00001
   3.45534210205E+01  -1.13719999790E+00  N15343.00002
   3.42032699585E+01  -9.54299986362E-01  N15343.00003
   3.30256309509E+01  -8.93299996853E-01  N15343.00004
   3.53407402039E+01  -7.40899980068E-01  N15343.00005
   3.21079025269E+01  -1.04569995403E+00  N15343.00006
   2.80743427277E+01  -1.53349995613E+00  N15343.00007
   2.52114505768E+01  -1.86889994144E+00  N15343.00008
   2.41626834869E+01  -1.96039998531E+00  N15343.00009
   2.28811588287E+01  -1.89939999580E+00  N15343.00010
   2.19791717529E+01  -1.71650004387E+00  N15343.00011
   2.46447601318E+01  -1.35060000420E+00  N15343.00012
   3.29115524292E+01  -7.40899980068E-01  N15343.00013
   3.64707260132E+01  -7.40899980068E-01  N15343.00014
   3.73046875000E+01  -6.49399995804E-01  N15343.00015
   3.33239593506E+01  -8.01800012589E-01  N15343.00016
   3.52622146606E+01  -1.04569995403E+00  N15343.00017
   3.25213584900E+01  -1.25909996033E+00  N15343.00018
   2.87921142578E+01  -1.56400001049E+00  N15343.00019
   2.57745304108E+01   4.68599987030E+00  N15343.00020
   2.45325260162E+01  -1.38110005856E+00  N15343.00021
   2.77354011536E+01  -9.23799991608E-01  N15343.00022
   2.00873107910E+01  -7.82009983063E+00  N14626.00001
   2.34225215912E+01  -7.48479986191E+00  N14626.00002
   2.16167907715E+01  -7.24090003967E+00  N14626.00003
   1.74266910553E+01  -7.91160011292E+00  N14626.00004
   1.16431570053E+01  -8.64330005646E+00  N14626.00005
   9.80151367188E+00  -8.64330005646E+00  N14626.00006
   8.56456947327E+00  -8.61279964447E+00  N14626.00007
   1.10549468994E+01  -8.00300025940E+00  N14626.00008
   2.21493263245E+01  -7.54570007324E+00  N14626.00009
   2.59248065948E+01  -7.30179977417E+00  N14626.00010
   2.73181838989E+01  -7.02740001678E+00  N14626.00011
   2.38050765991E+01  -7.08839988708E+00  N14626.00012
   2.48575782776E+01  -7.17990016937E+00  N14626.00013
   2.22287006378E+01  -7.57620000839E+00  N14626.00014
   1.50386123657E+01  -8.46039962769E+00  N14626.00015
   2.03096747398E+00  -2.82929992676E+00  N946.00001  
   7.52159643173E+00  -2.46339988708E+00  N946.00002  
   9.15359401703E+00  -2.12800002098E+00  N946.00003  
  -1.36986494064E-01  -5.05490016937E+00  N946.00004  
  -4.13117170334E+00  -6.30490016937E+00  N946.00005  
  -6.45865011215E+00  -6.60979986191E+00  N946.00006  
  -8.16628742218E+00  -6.39629983902E+00  N946.00007  
  -8.71993827820E+00  -4.53660011292E+00  N946.00008  
  -6.11233806610E+00  -3.74390006065E+00  N946.00009  
  -5.54467082024E-01  -3.50000000000E+00  N946.00010  
   4.10610914230E+00  -3.19510006905E+00  N946.00011  
   7.44870519638E+00  -1.64020001888E+00  N946.00012  
   5.63502740860E+00  -1.18289995193E+00  N946.00013  
   2.71947002411E+00  -1.57930004597E+00  N946.00014  
   3.39717793465E+00  -4.23169994354E+00  N946.00015  
  -6.09829008579E-01  -4.62799978256E+00  N946.00016  
  -3.09243083000E+00  -3.68289995193E+00  N946.00017  
  -5.61305379868E+00  -4.47559976578E+00  N946.00018  
  -5.75410270691E+00  -3.59150004387E+00  N946.00019  
  -4.66686201096E+00  -3.31710004807E+00  N946.00020  
  -5.57399451733E-01  -2.03660011292E+00  N946.00021  
   3.44088363647E+01   6.57929992676E+00  N16963.00001
   3.96446952820E+01   6.79269981384E+00  N16963.00002
   3.87469902039E+01   6.85370016098E+00  N16963.00003
   3.78203506470E+01   6.79269981384E+00  N16963.00004
   4.04063377380E+01   6.76219987869E+00  N16963.00005
   3.66707534790E+01   6.73169994354E+00  N16963.00006
   3.22217216492E+01   6.67070007324E+00  N16963.00007
   2.91489906311E+01   6.51830005646E+00  N16963.00008
   2.80653915405E+01   2.03660011292E+00  N16963.00009
   2.67936229706E+01   6.51830005646E+00  N16963.00010
   2.59182014465E+01   6.36590003967E+00  N16963.00011
   2.96284160614E+01   6.51830005646E+00  N16963.00012
   3.84179077148E+01   6.54879999161E+00  N16963.00013
   4.25611877441E+01   6.60979986191E+00  N16963.00014
   4.29715194702E+01   6.27440023422E+00  N16963.00015
   3.80193061829E+01   6.54879999161E+00  N16963.00016
   4.02803688049E+01   6.51830005646E+00  N16963.00017
   3.71070861816E+01   6.27440023422E+00  N16963.00018
   3.29566345215E+01   6.39629983902E+00  N16963.00019
   3.06683597565E+01   6.39629983902E+00  N16963.00020
   2.97119770050E+01   6.45730018616E+00  N16963.00021
   2.83117179871E+01   2.89019989967E+00  N16963.00022
   3.26915931702E+01   6.36590003967E+00  N16963.00023
   2.27029113770E+01   1.82319998741E+00  N9580.00001 
   2.69151248932E+01  -2.50609993935E+00  N9580.00002 
   2.60225296021E+01  -2.38409996033E+00  N9580.00003 
   2.79660835266E+01  -1.92680001259E+00  N9580.00004 
   2.48864212036E+01  -2.07929992676E+00  N9580.00005 
   2.06592788696E+01  -3.78660011292E+00  N9580.00006 
   1.64060707092E+01  -2.84150004387E+00  N9580.00007 
   2.52159767151E+01  -2.50609993935E+00  N9580.00008 
   2.76426429749E+01  -1.92680001259E+00  N9580.00009 
   2.39671249390E+01  -1.53050005436E+00  N9580.00010 
   2.53292541504E+01  -1.77439999580E+00  N9580.00011 
   2.30868511200E+01  -2.38409996033E+00  N9580.00012 
   1.97782707214E+01  -3.05489993095E+00  N9580.00013 
   1.77962245941E+01  -3.08540010452E+00  N9580.00014 
   1.64743728638E+01  -2.87199997902E+00  N9580.00015 
   1.98603191376E+01  -2.26220011711E+00  N9580.00016 
   6.91932601929E+01   3.60914993286E+01  N5056.00001 
   7.21678695679E+01   3.65792999268E+01  N5056.00002 
   7.19479827881E+01   3.65792999268E+01  N5056.00003 
   7.54988861084E+01   3.65488014221E+01  N5056.00004 
   6.85977249146E+01   3.52378005981E+01  N5056.00005 
   6.60559692383E+01   3.58779983521E+01  N5056.00006 
   6.40872650146E+01   3.48720016479E+01  N5056.00007 
   6.33997917175E+01   3.58779983521E+01  N5056.00008 
   6.78620910645E+01   3.61220016479E+01  N5056.00009 
   7.34031906128E+01   3.58779983521E+01  N5056.00010 
   7.73428421021E+01   3.61524009705E+01  N5056.00011 
   7.64020614624E+01   3.57865982056E+01  N5056.00012 
   7.12002639771E+01   3.48720016479E+01  N5056.00013 
   7.30766754150E+01   3.20365982056E+01  N5056.00014 
   7.03023757935E+01   3.37439002991E+01  N5056.00015 
   6.41055068970E+01   3.48110008240E+01  N5056.00016 
   2.44510707855E+01  -1.09759998322E+00  N8437.00001 
   2.90391693115E+01  -1.31099998951E+00  N8437.00002 
   2.97675361633E+01  -1.12800002098E+00  N8437.00003 
   2.84850959778E+01  -9.75600004196E-01  N8437.00004 
   3.14749774933E+01  -5.79299986362E-01  N8437.00005 
   2.88111228943E+01  -1.03659999371E+00  N8437.00006 
   2.35535984039E+01  -1.61590003967E+00  N8437.00007 
   1.95584220886E+01  -2.34759998322E+00  N8437.00008 
   1.80630054474E+01  -2.10369992256E+00  N8437.00009 
   1.63196697235E+01  -2.01220011711E+00  N8437.00010 
   1.50689325333E+01  -1.92069995403E+00  N8437.00011 
   1.70689086914E+01  -1.34150004387E+00  N8437.00012 
   2.68015727997E+01  -7.01200008392E-01  N8437.00013 
   2.96784667969E+01  -3.96299988031E-01  N8437.00014 
   3.08343200684E+01   0.00000000000E+00  N8437.00015 
   2.70790843964E+01  -1.82899996638E-01  N8437.00016 
   2.86882495880E+01  -3.04899990559E-01  N8437.00017 
   2.61384315491E+01  -9.45100009441E-01  N8437.00018 
   2.19592609406E+01  -1.58539998531E+00  N8437.00019 
   1.95549926758E+01  -1.58539998531E+00  N8437.00020 
   1.85734729767E+01  -1.34150004387E+00  N8437.00021 
   1.75589618683E+01  -1.49389994144E+00  N8437.00022 
   2.03943557739E+01  -6.70700013638E-01  N8437.00023 
   2.69669933319E+01  -3.92379999161E+00  N183        
   1.56681385040E+01  -1.30183000565E+01  N16614.00001
   1.34045925140E+01  -1.29267997742E+01  N16614.00002
   1.41343212128E+01  -1.28049001694E+01  N16614.00003
   1.07738943100E+01  -1.26524000168E+01  N16614.00004
   4.93104982376E+00  -1.34450998306E+01  N16614.00005
   3.66730004549E-01  -1.38109998703E+01  N16614.00006
  -3.45658898354E+00   9.08539962769E+00  N16614.00007
  -7.38371276855E+00  -1.63719997406E+01  N16614.00008
   3.12375187874E+00  -1.29267997742E+01  N16614.00009
   1.41102819443E+01  -1.26829004288E+01  N16614.00010
   2.12448024750E+01  -1.24694995880E+01  N16614.00011
   1.21617965698E+01  -1.27439002991E+01  N16614.00012
   1.29861698151E+01  -1.28659000397E+01  N16614.00013
   8.24322223663E+00  -1.30792999268E+01  N16614.00014
   1.69323682785E+00  -1.39329004288E+01  N16614.00015
  -1.65009796619E+00  -1.36584997177E+01  N16614.00016
  -3.31194281578E+00  -1.31401996613E+01  N16614.00017
  -3.67492508888E+00  -1.30183000565E+01  N16614.00018
  -6.13990163803E+00  -1.36433000565E+01  N22825.00001
  -8.07215118408E+00  -1.34299001694E+01  N22825.00002
  -7.46162128448E+00  -1.30030002594E+01  N22825.00003
  -9.97431564331E+00  -1.35823001862E+01  N22825.00004
  -1.34751682281E+01  -1.51066999435E+01  N22825.00005
  -1.61234664917E+01  -1.64176998138E+01  N22825.00006
  -1.84024868011E+01  -1.74542999268E+01  N22825.00007
  -1.94388942719E+01  -1.72409000397E+01  N22825.00008
  -2.01527023315E+01  -1.66921005249E+01  N22825.00009
  -1.97959403992E+01  -1.83078994751E+01  N22825.00010
  -1.62964687347E+01  -1.83078994751E+01  N22825.00011
  -1.40978441238E+01  -1.44055004120E+01  N22825.00012
  -6.59510135651E+00  -1.38872003555E+01  N22825.00013
  -2.33867597580E+00  -1.23933000565E+01  N22825.00014
  -8.91711330414E+00  -1.40090999603E+01  N22825.00015
  -8.18604850769E+00   1.77896003723E+01  N22825.00016
  -1.14066505432E+01  -1.51066999435E+01  N22825.00017
  -1.53271675110E+01  -1.65090999603E+01  N22825.00018
  -1.71908588409E+01  -1.64787006378E+01  N22825.00019
  -1.79902534485E+01  -1.48933000565E+01  N22825.00020
  -1.82311058044E+01  -1.45274000168E+01  N22825.00021
  -1.62499771118E+01  -1.39482002258E+01  N22825.00022
   1.71090774536E+01  -6.46339988708E+00  N13407.00001
   1.43648529053E+01  -6.34149980545E+00  N13407.00002
   1.56557607651E+01  -6.12799978256E+00  N13407.00003
   1.24923667908E+01  -5.94509983063E+00  N13407.00004
   6.90366268158E+00  -6.18900012970E+00  N13407.00005
   2.26156306267E+00  -6.95120000839E+00  N13407.00006
  -1.52643036842E+00  -7.37799978256E+00  N13407.00007
  -3.73162007332E+00  -7.68289995193E+00  N13407.00008
  -5.41271114349E+00  -7.19509983063E+00  N13407.00009
  -4.87138557434E+00  -7.04269981384E+00  N13407.00010
   1.65078234673E+00  -6.89020013809E+00  N13407.00011
   5.90473794937E+00  -6.76830005646E+00  N13407.00012
   1.51637668610E+01  -6.52440023422E+00  N13407.00013
   2.02992191315E+01  -6.15850019455E+00  N13407.00014
   1.24368400574E+01  -6.00610017776E+00  N13407.00015
   1.37646245956E+01  -6.18900012970E+00  N13407.00016
   9.45458889008E+00  -6.34149980545E+00  N13407.00017
   3.43128824234E+00  -6.52440023422E+00  N13407.00018
   2.22366735339E-01  -6.76830005646E+00  N13407.00019
  -1.33657884598E+00  -6.55490016937E+00  N13407.00020
  -1.57067751884E+00  -6.43289995193E+00  N13407.00021
   1.59726691246E+00  -6.18900012970E+00  N13407.00022
   1.66042041779E+01  -5.39330005646E+00  N12944.00001
   1.39661350250E+01  -5.24090003967E+00  N12944.00002
   1.52140674591E+01  -4.96649980545E+00  N12944.00003
   1.22069511414E+01  -4.66160011292E+00  N12944.00004
   6.69984292984E+00  -6.24700021744E+00  N12944.00005
   2.05795431137E+00  -8.10669994354E+00  N12944.00006
  -1.74675452709E+00  -1.05761995316E+01  N12944.00007
  -5.78391504288E+00  -6.42990016937E+00  N12944.00008
   1.48935508728E+00  -6.91769981384E+00  N12944.00009
   5.75012826920E+00  -5.75909996033E+00  N12944.00010
   1.46288986206E+01  -5.24090003967E+00  N12944.00011
   1.95536346436E+01  -4.87500000000E+00  N12944.00012
   1.20185070038E+01  -5.63719987869E+00  N12944.00013
   1.32850513458E+01  -8.44209957123E+00  N12944.00014
   9.12413120270E+00  -1.05761995316E+01  N12944.00015
   3.19207024574E+00  -9.35669994354E+00  N12944.00016
  -8.12821963336E-04  -6.42990016937E+00  N12944.00017
  -1.54261374474E+00  -5.91160011292E+00  N12944.00018
  -1.72084045410E+00  -5.66769981384E+00  N12944.00019
   1.40901982784E+00  -4.93599987030E+00  N12944.00020
   1.31771230698E+01  -7.86590003967E+00  N20285.00001
   1.12339735031E+01  -7.83540010452E+00  N20285.00002
   1.16486625671E+01  -8.01830005646E+00  N20285.00003
   8.23994350433E+00  -7.28660011292E+00  N20285.00004
   2.40216112137E+00  -8.50609970093E+00  N20285.00005
  -2.02253961563E+00  -9.42070007324E+00  N20285.00006
  -6.00701141357E+00  -9.96949958801E+00  N20285.00007
  -9.38250160217E+00  -1.30183000565E+01  N20285.00008
  -9.04245281219E+00  -8.26220035553E+00  N20285.00009
  -3.46865606308E+00  -8.26220035553E+00  N20285.00010
   1.20444259644E+01  -7.46950006485E+00  N20285.00011
   2.02412528992E+01  -6.64629983902E+00  N20285.00012
   1.04756956100E+01  -7.46950006485E+00  N20285.00013
   1.09691352844E+01  -7.19509983063E+00  N20285.00014
   6.04599285126E+00  -8.01830005646E+00  N20285.00015
  -6.53376102448E-01  -8.56709957123E+00  N20285.00016
  -3.93562912941E+00  -8.78050041199E+00  N20285.00017
  -5.50451231003E+00  -8.07929992676E+00  N20285.00018
  -3.46694850922E+00  -7.31710004807E+00  N20285.00019
   1.24300136566E+01  -1.53659999371E+00  N10384.00001
   1.05293560028E+01  -1.56710004807E+00  N10384.00002
   1.16935491562E+01   1.40200003982E-01  N10384.00003
   9.48606967926E+00  -1.21999997646E-02  N10384.00004
   4.33461713791E+00  -6.35370016098E+00  N10384.00005
  -4.42436933517E-02  -4.43289995193E+00  N10384.00006
  -3.84345507622E+00  -5.92679977417E+00  N10384.00007
  -6.01299190521E+00  -5.53049993515E+00  N10384.00008
  -7.29646492004E+00  -4.25000000000E+00  N10384.00009
  -6.63059806824E+00  -3.12199997902E+00  N10384.00010
  -1.37352168560E-01  -2.72560000420E+00  N10384.00011
   3.78720736504E+00  -2.42070007324E+00  N10384.00012
   1.03002176285E+01  -1.64599999785E-01  N10384.00013
   1.40603485107E+01   1.32930004597E+00  N10384.00014
   8.27610778809E+00  -2.75609993935E+00  N10384.00015
   9.17905139923E+00  -9.57300007343E-01  N10384.00016
   5.83593463898E+00  -3.79270005226E+00  N10384.00017
   8.55485081673E-01  -5.74389982224E+00  N10384.00018
  -2.07807922363E+00  -4.43289995193E+00  N10384.00019
  -3.34974980354E+00  -3.48779988289E+00  N10384.00020
  -3.16528487206E+00  -4.00610017776E+00  N10384.00021
  -2.17320457101E-01  -1.84150004387E+00  N10384.00022
   2.23546142578E+01   3.69210004807E+00  N7301.00001 
   3.70339508057E+01   4.42379999161E+00  N7301.00002 
   2.42948646545E+01   3.96650004387E+00  N7301.00003 
   2.58724899292E+01  -1.05761995316E+01  N1309.00001 
   1.08695154190E+01  -1.06372003555E+01  N1309.00002 
   2.29348583221E+01  -9.93599987030E+00  N1309.00003 
   1.32284250259E+01  -1.00579004288E+01  N1309.00004 
   8.91964263916E+01   2.33110008240E+01  N4579.00001 
   6.19280242920E+01   2.34939002991E+01  N4579.00002 
   8.91418762207E+01   2.31889991760E+01  N4579.00003 
   6.45697784424E+01   2.29146003723E+01  N4579.00004 
   1.89290657043E+01  -8.32929992676E+00  N3103.00001 
   2.67693221569E-01  -8.81709957123E+00  N3103.00002 
   1.73285064697E+01  -7.07929992676E+00  N3103.00003 
   4.01016187668E+00  -7.99389982224E+00  N3103.00004 
   7.88190555573E+00  -8.35369968414E+00  N358.00001  
  -4.50226497650E+00  -8.96339988708E+00  N358.00002  
   6.13950824738E+00  -7.77440023422E+00  N358.00003  
  -2.29945302010E+00  -8.23169994354E+00  N358.00004  
   2.12377395630E+01  -6.95730018616E+00  N5642.00001 
   3.27731013298E+00  -8.05490016937E+00  N5642.00002 
   2.02221012115E+01  -6.04269981384E+00  N5642.00003 
   7.07733964920E+00  -7.17070007324E+00  N5642.00004 
   2.33559303284E+01  -7.99389982224E+00  N6112.00001 
   5.79102706909E+00  -9.27439975739E+00  N6112.00002 
   2.21942100525E+01  -7.20120000839E+00  N6112.00003 
   9.40598297119E+00  -8.57320022583E+00  N6112.00004 
  -3.67553186417E+00  -1.00944995880E+01  N1703.00001 
   1.27823476791E+01  -7.04570007324E+00  N1703.00002 
   6.63360208273E-02  -8.08230018616E+00  N1703.00003 
   2.88443794250E+01  -4.60370016098E+00  N5900.00001 
   1.18217725754E+01  -1.17988004684E+01  N5900.00002 
   2.70642414093E+01  -4.45120000839E+00  N5900.00003 
   1.46666927338E+01  -6.67679977417E+00  N5900.00004 
   3.11439990997E+01   2.04570007324E+00  N5224       
   1.75128803253E+01   1.06006002426E+01  N9290.00001 
   1.57749729156E+01   1.07881002426E+01  N9290.00002 
   1.58328227997E+01   1.21848001480E+01  N9290.00003 
   1.58588066101E+01   1.36850996017E+01  N9290.00004 
   1.18384637833E+01   1.17341003418E+01  N9290.00005 
   8.52856254578E+00   1.09110002518E+01  N9290.00006 
   4.72356224060E+00   1.03500003815E+01  N9290.00007 
   1.42828679085E+00   8.05189990997E+00  N9290.00008 
  -8.40738594532E-01   6.42549991608E+00  N9290.00009 
  -1.85012328625E+00   5.53140020370E+00  N9290.00010 
  -2.44527816772E+00   5.02150011063E+00  N9290.00011 
   4.53493881226E+00   7.21320009232E+00  N9290.00012 
   1.17823476791E+01   9.21720027924E+00  N9290.00013 
   1.61575679779E+01   1.25562000275E+01  N9290.00014 
   1.88084964752E+01   1.44696998596E+01  N9290.00015 
   1.67711620331E+01   1.30965995789E+01  N9290.00016 
   1.26996126175E+01   1.20696001053E+01  N9290.00017 
   1.37363681793E+01   1.14710998535E+01  N9290.00018 
   9.89742946625E+00   1.05727996826E+01  N9290.00019 
   6.14330530167E+00   1.01267995834E+01  N9290.00020 
   3.07377696037E+00   1.00282001495E+01  N9290.00021 
   1.18448257446E+01   1.74479997158E+00  N10161.00001
   1.17883577347E+01   2.14409995079E+00  N10161.00002
   1.14540481567E+01   4.31290006638E+00  N10161.00003
   1.12711915970E+01   5.91949987411E+00  N10161.00004
   7.35366678238E+00   4.05749988556E+00  N10161.00005
   3.57091069221E+00   2.94000005722E+00  N10161.00006
  -5.36060333252E-01   1.78129994869E+00  N10161.00007
  -4.06970787048E+00   5.15900015831E-01  N10161.00008
  -6.28783035278E+00  -7.17700004578E-01  N10161.00009
  -7.12292766571E+00  -1.04709994793E+00  N10161.00010
  -7.37144660950E+00  -1.09920001030E+00  N10161.00011
  -6.76524519920E-01  -3.71499985456E-01  N10161.00012
   6.20564889908E+00   1.48500001431E+00  N10161.00013
   1.15163917542E+01   5.81599998474E+00  N10161.00014
   1.49516544342E+01   6.52430009842E+00  N10161.00015
   1.34686536789E+01   6.24840021133E+00  N10161.00016
   8.86324596405E+00   5.53210020065E+00  N10161.00017
   1.21986484528E+01  -5.68700015545E-01  N11084.00001
   1.21623754501E+01  -1.15000002086E-01  N11084.00002
   1.17436952591E+01   5.92800021172E-01  N11084.00003
   1.13792448044E+01   2.32240009308E+00  N11084.00004
   7.54997158051E+00   2.16129994392E+00  N11084.00005
   3.83925938606E+00   1.36909997463E+00  N11084.00006
  -2.67753094435E-01   4.58099991083E-01  N11084.00007
  -3.81589603424E+00  -3.10299992561E-01  N11084.00008
  -6.07800006866E+00  -1.20150005817E+00  N11084.00009
  -6.94941473007E+00  -1.72839999199E+00  N11084.00010
  -7.23667907715E+00  -1.75559997559E+00  N11084.00011
  -6.63262903690E-01  -1.38940000534E+00  N11084.00012
   6.23578834534E+00  -7.79299974442E-01  N11084.00013
   1.21192665100E+01   9.76400017738E-01  N11084.00014
   1.59493465424E+01   3.15969991684E+00  N11084.00015
   1.43609018326E+01   3.21919989586E+00  N11084.00016
   9.50708770752E+00   2.77069997787E+00  N11084.00017
   9.81434345245E+00   2.53229999542E+00  N11084.00018
   5.37425708771E+00   1.62750005722E+00  N11084.00019
   1.35130035877E+00   5.72099983692E-01  N11084.00020
  -1.84290277958E+00   2.82499998808E-01  N11084.00021
   1.13814277649E+01   2.06349992752E+00  N11078.00001
   1.14905929565E+01   2.25819993019E+00  N11078.00002
   1.11022081375E+01   2.52069997787E+00  N11078.00003
   1.07475709915E+01   5.54820013046E+00  N11078.00004
  -6.28231465816E-01   1.61240005493E+00  N11078.00005
  -4.16852188110E+00   1.80000007153E-01  N11078.00006
  -6.42433547974E+00  -3.95099997520E-01  N11078.00007
  -7.28064155579E+00  -6.26999974251E-01  N11078.00008
  -7.54200887680E+00  -6.20299994946E-01  N11078.00009
  -1.07589864731E+00   3.49400013685E-01  N11078.00010
   5.59118890762E+00   2.19460010529E+00  N11078.00011
   1.13485660553E+01   5.66069984436E+00  N11078.00012
   1.51037225723E+01   6.13789987564E+00  N11078.00013
   1.36549253464E+01   5.69019985199E+00  N11078.00014
   8.93574142456E+00   4.98449993134E+00  N11078.00015
   9.15699005127E+00   4.98610019684E+00  N11078.00016
   1.22414827347E+01   2.24699997902E+00  N10165.00001
   1.21376342773E+01   2.34789991379E+00  N10165.00002
   1.17815532684E+01   4.42740011215E+00  N10165.00003
   1.16084260941E+01   5.29370021820E+00  N10165.00004
  -2.61134773493E-01   2.26900005341E+00  N10165.00005
  -3.79625296593E+00   7.14299976826E-01  N10165.00006
  -6.01655578613E+00  -1.94600000978E-01  N10165.00007
  -6.85895395279E+00  -5.85300028324E-01  N10165.00008
  -7.12580204010E+00  -6.53699994087E-01  N10165.00009
  -3.63922178745E-01   2.46800005436E-01  N10165.00010
   6.60684394836E+00   1.50109994411E+00  N10165.00011
   1.19084014893E+01   4.57530021667E+00  N10165.00012
   1.53436727524E+01   6.12890005112E+00  N10165.00013
   1.38114156723E+01   5.98740005493E+00  N10165.00014
   9.20944118500E+00   5.40380001068E+00  N10165.00015
   1.12077341080E+01  -8.79999995232E-02  N10383.00001
   1.12003135681E+01   2.63599991798E-01  N10383.00002
   1.09043598175E+01   1.89199995995E+00  N10383.00003
   1.06728992462E+01   4.05709981918E+00  N10383.00004
   6.75844478607E+00   2.67729997635E+00  N10383.00005
   3.02610230446E+00   1.63469994068E+00  N10383.00006
  -9.67222750187E-01   7.86800026894E-01  N10383.00007
  -4.49328756332E+00   1.74300000072E-01  N10383.00008
  -6.72582244873E+00  -2.81399995089E-01  N10383.00009
  -7.56099796295E+00  -5.29799997807E-01  N10383.00010
  -7.79301118851E+00  -6.89400017262E-01  N10383.00011
  -1.32839524746E+00  -7.16799974442E-01  N10383.00012
   5.39774370193E+00   8.04999992251E-02  N10383.00013
   1.08973512650E+01   4.11059999466E+00  N10383.00014
   1.44629850388E+01   4.95100021362E+00  N10383.00015
   1.30632038116E+01   4.70109987259E+00  N10383.00016
   8.37640476227E+00   3.66330003738E+00  N10383.00017
   8.65067672729E+00   3.03080010414E+00  N10383.00018
   4.34303855896E+00   1.82729995251E+00  N10383.00019
   5.84108352661E-01   9.49699997902E-01  N10383.00020
  -2.49120521545E+00   6.01199984550E-01  N10383.00021
   3.08419303894E+01   6.91580009460E+00  N10746.00001
   3.14468460083E+01   7.08500003815E+00  N10746.00002
   3.24747161865E+01   7.50299978256E+00  N10746.00003
   2.90109100342E+01   6.08729982376E+00  N10746.00004
   2.68608589172E+01   4.67600011826E+00  N10746.00005
   2.50401592255E+01   5.36320018768E+00  N10746.00006
   2.37521305084E+01   5.32089996338E+00  N10746.00007
   2.31088085175E+01   5.70090007782E+00  N10746.00008
   2.28118247986E+01   6.07919979095E+00  N10746.00009
   2.22774600983E+01   6.07390022278E+00  N10746.00010
   2.55505523682E+01   6.94460010529E+00  N10746.00011
   2.83540592194E+01   7.15280008316E+00  N10746.00012
   3.15619869232E+01   7.45720005035E+00  N10746.00013
   3.40498771667E+01   8.05160045624E+00  N10746.00014
   3.17226543427E+01   8.42220020294E+00  N10746.00015
   2.84550437927E+01   8.29049968719E+00  N10746.00016
   2.95920963287E+01   7.18970012665E+00  N10746.00017
   2.67346858978E+01   6.46929979324E+00  N10746.00018
   2.50215110779E+01   6.04180002213E+00  N10746.00019
   2.41186504364E+01   7.60200023651E+00  N10746.00020
